   1              	 .cpu cortex-m0
   2              	 .fpu softvfp
   3              	 .eabi_attribute 20,1
   4              	 .eabi_attribute 21,1
   5              	 .eabi_attribute 23,3
   6              	 .eabi_attribute 24,1
   7              	 .eabi_attribute 25,1
   8              	 .eabi_attribute 26,1
   9              	 .eabi_attribute 30,4
  10              	 .eabi_attribute 34,0
  11              	 .eabi_attribute 18,4
  12              	 .code 16
  13              	 .file "xmc1_usic.c"
  14              	 .section .text.XMC_USIC_Enable,"ax",%progbits
  15              	 .align 1
  16              	 .global XMC_USIC_Enable
  17              	 .code 16
  18              	 .thumb_func
  20              	XMC_USIC_Enable:
  21 0000 08B5     	 push {r3,lr}
  22 0002 034B     	 ldr r3,.L4
  23 0004 9842     	 cmp r0,r3
  24 0006 02D1     	 bne .L1
  25 0008 0820     	 mov r0,#8
  26 000a FFF7FEFF 	 bl XMC_SCU_CLOCK_UngatePeripheralClock
  27              	.L1:
  28              	 
  29 000e 08BD     	 pop {r3,pc}
  30              	.L5:
  31              	 .align 2
  32              	.L4:
  33 0010 08000048 	 .word 1207959560
  35              	 .section .text.XMC_USIC_Disable,"ax",%progbits
  36              	 .align 1
  37              	 .global XMC_USIC_Disable
  38              	 .code 16
  39              	 .thumb_func
  41              	XMC_USIC_Disable:
  42 0000 08B5     	 push {r3,lr}
  43 0002 034B     	 ldr r3,.L8
  44 0004 9842     	 cmp r0,r3
  45 0006 02D1     	 bne .L6
  46 0008 0820     	 mov r0,#8
  47 000a FFF7FEFF 	 bl XMC_SCU_CLOCK_GatePeripheralClock
  48              	.L6:
  49              	 
  50 000e 08BD     	 pop {r3,pc}
  51              	.L9:
  52              	 .align 2
  53              	.L8:
  54 0010 08000048 	 .word 1207959560
  56              	 .ident "GCC: (GNU Tools for ARM Embedded Processors) 4.9.3 20141119 (release) [ARM/embedded-4_9-branch revision 218278]"
DEFINED SYMBOLS
                            *ABS*:00000000 xmc1_usic.c
    {standard input}:15     .text.XMC_USIC_Enable:00000000 $t
    {standard input}:20     .text.XMC_USIC_Enable:00000000 XMC_USIC_Enable
    {standard input}:33     .text.XMC_USIC_Enable:00000010 $d
    {standard input}:36     .text.XMC_USIC_Disable:00000000 $t
    {standard input}:41     .text.XMC_USIC_Disable:00000000 XMC_USIC_Disable
    {standard input}:54     .text.XMC_USIC_Disable:00000010 $d

UNDEFINED SYMBOLS
XMC_SCU_CLOCK_UngatePeripheralClock
XMC_SCU_CLOCK_GatePeripheralClock
