   1              	 .cpu cortex-m0
   2              	 .fpu softvfp
   3              	 .eabi_attribute 20,1
   4              	 .eabi_attribute 21,1
   5              	 .eabi_attribute 23,3
   6              	 .eabi_attribute 24,1
   7              	 .eabi_attribute 25,1
   8              	 .eabi_attribute 26,1
   9              	 .eabi_attribute 30,4
  10              	 .eabi_attribute 34,0
  11              	 .eabi_attribute 18,4
  12              	 .code 16
  13              	 .file "xmc_vadc.c"
  14              	 .section .text.XMC_VADC_GLOBAL_EnableModule,"ax",%progbits
  15              	 .align 1
  16              	 .global XMC_VADC_GLOBAL_EnableModule
  17              	 .code 16
  18              	 .thumb_func
  20              	XMC_VADC_GLOBAL_EnableModule:
  21 0000 FF22     	 mov r2,#255
  22 0002 08B5     	 push {r3,lr}
  23 0004 024B     	 ldr r3,.L2
  24 0006 0120     	 mov r0,#1
  25 0008 1A60     	 str r2,[r3]
  26 000a FFF7FEFF 	 bl XMC_SCU_CLOCK_UngatePeripheralClock
  27              	 
  28 000e 08BD     	 pop {r3,pc}
  29              	.L3:
  30              	 .align 2
  31              	.L2:
  32 0010 00050140 	 .word 1073808640
  34              	 .section .text.XMC_VADC_GLOBAL_DisableModule,"ax",%progbits
  35              	 .align 1
  36              	 .global XMC_VADC_GLOBAL_DisableModule
  37              	 .code 16
  38              	 .thumb_func
  40              	XMC_VADC_GLOBAL_DisableModule:
  41 0000 08B5     	 push {r3,lr}
  42 0002 0120     	 mov r0,#1
  43 0004 FFF7FEFF 	 bl XMC_SCU_CLOCK_GatePeripheralClock
  44              	 
  45 0008 08BD     	 pop {r3,pc}
  47              	 .section .text.XMC_VADC_GLOBAL_Init,"ax",%progbits
  48              	 .align 1
  49              	 .global XMC_VADC_GLOBAL_Init
  50              	 .code 16
  51              	 .thumb_func
  53              	XMC_VADC_GLOBAL_Init:
  54 0000 38B5     	 push {r3,r4,r5,lr}
  55 0002 041C     	 mov r4,r0
  56 0004 0D1C     	 mov r5,r1
  57 0006 FFF7FEFF 	 bl XMC_VADC_GLOBAL_EnableModule
  58 000a 231C     	 mov r3,r4
  59 000c 6A69     	 ldr r2,[r5,#20]
  60              	 
  61 000e 04C3     	 stmia r3!,{r2}
  62 0010 8022     	 mov r2,#128
  63 0012 6968     	 ldr r1,[r5,#4]
  64 0014 1202     	 lsl r2,r2,#8
  65 0016 0A43     	 orr r2,r1
  66 0018 DA67     	 str r2,[r3,#124]
  67 001a 231C     	 mov r3,r4
  68 001c AA68     	 ldr r2,[r5,#8]
  69 001e A033     	 add r3,r3,#160
  70 0020 1A60     	 str r2,[r3]
  71 0022 EA68     	 ldr r2,[r5,#12]
  72 0024 5A60     	 str r2,[r3,#4]
  73 0026 A023     	 mov r3,#160
  74 0028 2A69     	 ldr r2,[r5,#16]
  75 002a 9B00     	 lsl r3,r3,#2
  76 002c E250     	 str r2,[r4,r3]
  77 002e 2B68     	 ldr r3,[r5]
  78 0030 B834     	 add r4,r4,#184
  79 0032 2360     	 str r3,[r4]
  80 0034 38BD     	 pop {r3,r4,r5,pc}
  82              	 .section .text.XMC_VADC_GLOBAL_InputClassInit,"ax",%progbits
  83              	 .align 1
  84              	 .global XMC_VADC_GLOBAL_InputClassInit
  85              	 .code 16
  86              	 .thumb_func
  88              	XMC_VADC_GLOBAL_InputClassInit:
  89 0000 2833     	 add r3,r3,#40
  90 0002 002A     	 cmp r2,#0
  91 0004 01D1     	 bne .L7
  92 0006 034A     	 ldr r2,.L11
  93 0008 00E0     	 b .L9
  94              	.L7:
  95 000a 034A     	 ldr r2,.L11+4
  96              	.L9:
  97 000c 1140     	 and r1,r2
  98 000e 9B00     	 lsl r3,r3,#2
  99 0010 1950     	 str r1,[r3,r0]
 100              	 
 101 0012 7047     	 bx lr
 102              	.L12:
 103              	 .align 2
 104              	.L11:
 105 0014 1F070000 	 .word 1823
 106 0018 00001F07 	 .word 119472128
 108              	 .section .text.XMC_VADC_GLOBAL_StartupCalibration,"ax",%progbits
 109              	 .align 1
 110              	 .global XMC_VADC_GLOBAL_StartupCalibration
 111              	 .code 16
 112              	 .thumb_func
 114              	XMC_VADC_GLOBAL_StartupCalibration:
 115 0000 8022     	 mov r2,#128
 116 0002 0430     	 add r0,r0,#4
 117 0004 C36F     	 ldr r3,[r0,#124]
 118 0006 1206     	 lsl r2,r2,#24
 119 0008 1343     	 orr r3,r2
 120 000a C022     	 mov r2,#192
 121 000c C367     	 str r3,[r0,#124]
 122 000e 084B     	 ldr r3,.L24
 123 0010 9202     	 lsl r2,r2,#10
 124 0012 D96F     	 ldr r1,[r3,#124]
 125 0014 1142     	 tst r1,r2
 126 0016 02D0     	 beq .L14
 127              	.L15:
 128 0018 D96F     	 ldr r1,[r3,#124]
 129 001a C900     	 lsl r1,r1,#3
 130 001c FCD4     	 bmi .L15
 131              	.L14:
 132 001e 054B     	 ldr r3,.L24+4
 133 0020 D96F     	 ldr r1,[r3,#124]
 134 0022 1142     	 tst r1,r2
 135 0024 02D0     	 beq .L13
 136              	.L17:
 137 0026 DA6F     	 ldr r2,[r3,#124]
 138 0028 D200     	 lsl r2,r2,#3
 139 002a FCD4     	 bmi .L17
 140              	.L13:
 141              	 
 142 002c 7047     	 bx lr
 143              	.L25:
 144 002e C046     	 .align 2
 145              	.L24:
 146 0030 04040348 	 .word 1208157188
 147 0034 04080348 	 .word 1208158212
 149              	 .section .text.XMC_VADC_GLOBAL_SetBoundaries,"ax",%progbits
 150              	 .align 1
 151              	 .global XMC_VADC_GLOBAL_SetBoundaries
 152              	 .code 16
 153              	 .thumb_func
 155              	XMC_VADC_GLOBAL_SetBoundaries:
 156 0000 1204     	 lsl r2,r2,#16
 157 0002 1143     	 orr r1,r2
 158 0004 B830     	 add r0,r0,#184
 159 0006 0160     	 str r1,[r0]
 160              	 
 161 0008 7047     	 bx lr
 163              	 .section .text.XMC_VADC_GLOBAL_SetCompareValue,"ax",%progbits
 164              	 .align 1
 165              	 .global XMC_VADC_GLOBAL_SetCompareValue
 166              	 .code 16
 167              	 .thumb_func
 169              	XMC_VADC_GLOBAL_SetCompareValue:
 170 0000 C022     	 mov r2,#192
 171 0002 9200     	 lsl r2,r2,#2
 172 0004 8358     	 ldr r3,[r0,r2]
 173 0006 8900     	 lsl r1,r1,#2
 174 0008 1B0C     	 lsr r3,r3,#16
 175 000a 1B04     	 lsl r3,r3,#16
 176 000c 8350     	 str r3,[r0,r2]
 177 000e 8358     	 ldr r3,[r0,r2]
 178              	 
 179 0010 1943     	 orr r1,r3
 180 0012 8150     	 str r1,[r0,r2]
 181 0014 7047     	 bx lr
 183              	 .section .text.XMC_VADC_GLOBAL_GetCompareResult,"ax",%progbits
 184              	 .align 1
 185              	 .global XMC_VADC_GLOBAL_GetCompareResult
 186              	 .code 16
 187              	 .thumb_func
 189              	XMC_VADC_GLOBAL_GetCompareResult:
 190 0000 C023     	 mov r3,#192
 191 0002 9B00     	 lsl r3,r3,#2
 192 0004 C358     	 ldr r3,[r0,r3]
 193 0006 0220     	 mov r0,#2
 194 0008 002B     	 cmp r3,#0
 195 000a 01DA     	 bge .L29
 196 000c 5B00     	 lsl r3,r3,#1
 197 000e D80F     	 lsr r0,r3,#31
 198              	.L29:
 199              	 
 200 0010 7047     	 bx lr
 202              	 .section .text.XMC_VADC_GLOBAL_BindGroupToEMux,"ax",%progbits
 203              	 .align 1
 204              	 .global XMC_VADC_GLOBAL_BindGroupToEMux
 205              	 .code 16
 206              	 .thumb_func
 208              	XMC_VADC_GLOBAL_BindGroupToEMux:
 209 0000 30B5     	 push {r4,r5,lr}
 210 0002 0F25     	 mov r5,#15
 211 0004 0029     	 cmp r1,#0
 212 0006 01D0     	 beq .L32
 213 0008 0421     	 mov r1,#4
 214 000a F025     	 mov r5,#240
 215              	.L32:
 216 000c 8A40     	 lsl r2,r2,r1
 217 000e FC23     	 mov r3,#252
 218 0010 111C     	 mov r1,r2
 219 0012 9B00     	 lsl r3,r3,#2
 220 0014 C458     	 ldr r4,[r0,r3]
 221              	 
 222 0016 AC43     	 bic r4,r5
 223 0018 C450     	 str r4,[r0,r3]
 224 001a C458     	 ldr r4,[r0,r3]
 225 001c 2143     	 orr r1,r4
 226 001e C150     	 str r1,[r0,r3]
 227 0020 30BD     	 pop {r4,r5,pc}
 229              	 .section .text.XMC_VADC_GLOBAL_SetResultEventInterruptNode,"ax",%progbits
 230              	 .align 1
 231              	 .global XMC_VADC_GLOBAL_SetResultEventInterruptNode
 232              	 .code 16
 233              	 .thumb_func
 235              	XMC_VADC_GLOBAL_SetResultEventInterruptNode:
 236 0000 0329     	 cmp r1,#3
 237 0002 00D9     	 bls .L36
 238 0004 0439     	 sub r1,r1,#4
 239              	.L36:
 240 0006 FC30     	 add r0,r0,#252
 241 0008 426C     	 ldr r2,[r0,#68]
 242 000a 044B     	 ldr r3,.L37
 243 000c 0904     	 lsl r1,r1,#16
 244 000e 1340     	 and r3,r2
 245 0010 4364     	 str r3,[r0,#68]
 246 0012 436C     	 ldr r3,[r0,#68]
 247              	 
 248 0014 1943     	 orr r1,r3
 249 0016 4164     	 str r1,[r0,#68]
 250 0018 7047     	 bx lr
 251              	.L38:
 252 001a C046     	 .align 2
 253              	.L37:
 254 001c FFFFF0FF 	 .word -983041
 256              	 .section .text.XMC_VADC_GLOBAL_BackgroundSetReqSrcEventInterruptNode,"ax",%progbits
 257              	 .align 1
 258              	 .global XMC_VADC_GLOBAL_BackgroundSetReqSrcEventInterruptNode
 259              	 .code 16
 260              	 .thumb_func
 262              	XMC_VADC_GLOBAL_BackgroundSetReqSrcEventInterruptNode:
 263 0000 0329     	 cmp r1,#3
 264 0002 00D9     	 bls .L41
 265 0004 0439     	 sub r1,r1,#4
 266              	.L41:
 267 0006 0F22     	 mov r2,#15
 268 0008 FC30     	 add r0,r0,#252
 269 000a 436C     	 ldr r3,[r0,#68]
 270              	 
 271 000c 9343     	 bic r3,r2
 272 000e 4364     	 str r3,[r0,#68]
 273 0010 436C     	 ldr r3,[r0,#68]
 274 0012 1943     	 orr r1,r3
 275 0014 4164     	 str r1,[r0,#68]
 276 0016 7047     	 bx lr
 278              	 .section .text.XMC_VADC_GROUP_InputClassInit,"ax",%progbits
 279              	 .align 1
 280              	 .global XMC_VADC_GROUP_InputClassInit
 281              	 .code 16
 282              	 .thumb_func
 284              	XMC_VADC_GROUP_InputClassInit:
 285 0000 F0B5     	 push {r4,r5,r6,r7,lr}
 286 0002 002A     	 cmp r2,#0
 287 0004 08D1     	 bne .L43
 288 0006 E026     	 mov r6,#224
 289 0008 CC06     	 lsl r4,r1,#27
 290 000a 4905     	 lsl r1,r1,#21
 291 000c E40E     	 lsr r4,r4,#27
 292 000e 490F     	 lsr r1,r1,#29
 293 0010 1F25     	 mov r5,#31
 294 0012 F600     	 lsl r6,r6,#3
 295 0014 0827     	 mov r7,#8
 296 0016 09E0     	 b .L44
 297              	.L43:
 298 0018 F825     	 mov r5,#248
 299 001a E026     	 mov r6,#224
 300 001c 1022     	 mov r2,#16
 301 001e 1827     	 mov r7,#24
 302 0020 CC02     	 lsl r4,r1,#11
 303 0022 4901     	 lsl r1,r1,#5
 304 0024 E40E     	 lsr r4,r4,#27
 305 0026 490F     	 lsr r1,r1,#29
 306 0028 6D03     	 lsl r5,r5,#13
 307 002a F604     	 lsl r6,r6,#19
 308              	.L44:
 309 002c B940     	 lsl r1,r1,r7
 310 002e 9440     	 lsl r4,r4,r2
 311 0030 9B00     	 lsl r3,r3,#2
 312 0032 C018     	 add r0,r0,r3
 313 0034 A030     	 add r0,r0,#160
 314 0036 0368     	 ldr r3,[r0]
 315              	 
 316 0038 B343     	 bic r3,r6
 317 003a 1943     	 orr r1,r3
 318 003c A943     	 bic r1,r5
 319 003e 2143     	 orr r1,r4
 320 0040 0160     	 str r1,[r0]
 321 0042 F0BD     	 pop {r4,r5,r6,r7,pc}
 323              	 .section .text.XMC_VADC_GROUP_Init,"ax",%progbits
 324              	 .align 1
 325              	 .global XMC_VADC_GROUP_Init
 326              	 .code 16
 327              	 .thumb_func
 329              	XMC_VADC_GROUP_Init:
 330 0000 0022     	 mov r2,#0
 331 0002 F8B5     	 push {r3,r4,r5,r6,r7,lr}
 332 0004 041C     	 mov r4,r0
 333 0006 0D1C     	 mov r5,r1
 334 0008 131C     	 mov r3,r2
 335 000a 4968     	 ldr r1,[r1,#4]
 336 000c FFF7FEFF 	 bl XMC_VADC_GROUP_InputClassInit
 337 0010 201C     	 mov r0,r4
 338 0012 6968     	 ldr r1,[r5,#4]
 339 0014 0122     	 mov r2,#1
 340 0016 0023     	 mov r3,#0
 341 0018 FFF7FEFF 	 bl XMC_VADC_GROUP_InputClassInit
 342 001c 201C     	 mov r0,r4
 343 001e A968     	 ldr r1,[r5,#8]
 344 0020 0022     	 mov r2,#0
 345 0022 0123     	 mov r3,#1
 346 0024 FFF7FEFF 	 bl XMC_VADC_GROUP_InputClassInit
 347 0028 0122     	 mov r2,#1
 348 002a 201C     	 mov r0,r4
 349 002c A968     	 ldr r1,[r5,#8]
 350 002e 131C     	 mov r3,r2
 351 0030 FFF7FEFF 	 bl XMC_VADC_GROUP_InputClassInit
 352 0034 2A69     	 ldr r2,[r5,#16]
 353 0036 231D     	 add r3,r4,#4
 354 0038 DA67     	 str r2,[r3,#124]
 355 003a EA68     	 ldr r2,[r5,#12]
 356 003c B433     	 add r3,r3,#180
 357 003e 1A60     	 str r2,[r3]
 358 0040 6E88     	 ldrh r6,[r5,#2]
 359 0042 EB78     	 ldrb r3,[r5,#3]
 360 0044 2D78     	 ldrb r5,[r5]
 361 0046 B605     	 lsl r6,r6,#22
 362 0048 6D07     	 lsl r5,r5,#29
 363 004a B609     	 lsr r6,r6,#6
 364 004c 6D0F     	 lsr r5,r5,#29
 365 004e 3543     	 orr r5,r6
 366 0050 F826     	 mov r6,#248
 367 0052 8027     	 mov r7,#128
 368 0054 7600     	 lsl r6,r6,#1
 369 0056 A551     	 str r5,[r4,r6]
 370 0058 A559     	 ldr r5,[r4,r6]
 371 005a D806     	 lsl r0,r3,#27
 372 005c 3F06     	 lsl r7,r7,#24
 373 005e 1907     	 lsl r1,r3,#28
 374 0060 C00F     	 lsr r0,r0,#31
 375 0062 3D43     	 orr r5,r7
 376 0064 9A06     	 lsl r2,r3,#26
 377 0066 890F     	 lsr r1,r1,#30
 378 0068 0007     	 lsl r0,r0,#28
 379 006a 2843     	 orr r0,r5
 380 006c D20F     	 lsr r2,r2,#31
 381 006e 5B06     	 lsl r3,r3,#25
 382 0070 8906     	 lsl r1,r1,#26
 383 0072 0143     	 orr r1,r0
 384 0074 DB0F     	 lsr r3,r3,#31
 385 0076 5207     	 lsl r2,r2,#29
 386 0078 0A43     	 orr r2,r1
 387 007a 9B07     	 lsl r3,r3,#30
 388 007c 1343     	 orr r3,r2
 389 007e A351     	 str r3,[r4,r6]
 390              	 
 391 0080 F8BD     	 pop {r3,r4,r5,r6,r7,pc}
 393              	 .section .text.XMC_VADC_GROUP_SetPowerMode,"ax",%progbits
 394              	 .align 1
 395              	 .global XMC_VADC_GROUP_SetPowerMode
 396              	 .code 16
 397              	 .thumb_func
 399              	XMC_VADC_GROUP_SetPowerMode:
 400 0000 0322     	 mov r2,#3
 401 0002 0430     	 add r0,r0,#4
 402 0004 C36F     	 ldr r3,[r0,#124]
 403              	 
 404 0006 9343     	 bic r3,r2
 405 0008 1943     	 orr r1,r3
 406 000a C167     	 str r1,[r0,#124]
 407 000c 7047     	 bx lr
 409              	 .section .text.XMC_VADC_GROUP_SetSyncSlave,"ax",%progbits
 410              	 .align 1
 411              	 .global XMC_VADC_GROUP_SetSyncSlave
 412              	 .code 16
 413              	 .thumb_func
 415              	XMC_VADC_GROUP_SetSyncSlave:
 416 0000 9142     	 cmp r1,r2
 417 0002 9241     	 sbc r2,r2,r2
 418 0004 5242     	 neg r2,r2
 419 0006 8918     	 add r1,r1,r2
 420 0008 0322     	 mov r2,#3
 421 000a C030     	 add r0,r0,#192
 422 000c 0368     	 ldr r3,[r0]
 423              	 
 424 000e 9343     	 bic r3,r2
 425 0010 1943     	 orr r1,r3
 426 0012 0160     	 str r1,[r0]
 427 0014 7047     	 bx lr
 429              	 .section .text.XMC_VADC_GROUP_SetSyncMaster,"ax",%progbits
 430              	 .align 1
 431              	 .global XMC_VADC_GROUP_SetSyncMaster
 432              	 .code 16
 433              	 .thumb_func
 435              	XMC_VADC_GROUP_SetSyncMaster:
 436 0000 0322     	 mov r2,#3
 437 0002 C030     	 add r0,r0,#192
 438 0004 0368     	 ldr r3,[r0]
 439              	 
 440 0006 9343     	 bic r3,r2
 441 0008 0360     	 str r3,[r0]
 442 000a 7047     	 bx lr
 444              	 .section .text.XMC_VADC_GROUP_CheckSlaveReadiness,"ax",%progbits
 445              	 .align 1
 446              	 .global XMC_VADC_GROUP_CheckSlaveReadiness
 447              	 .code 16
 448              	 .thumb_func
 450              	XMC_VADC_GROUP_CheckSlaveReadiness:
 451 0000 1022     	 mov r2,#16
 452 0002 C030     	 add r0,r0,#192
 453 0004 0368     	 ldr r3,[r0]
 454              	 
 455 0006 1343     	 orr r3,r2
 456 0008 0360     	 str r3,[r0]
 457 000a 7047     	 bx lr
 459              	 .section .text.XMC_VADC_GROUP_IgnoreSlaveReadiness,"ax",%progbits
 460              	 .align 1
 461              	 .global XMC_VADC_GROUP_IgnoreSlaveReadiness
 462              	 .code 16
 463              	 .thumb_func
 465              	XMC_VADC_GROUP_IgnoreSlaveReadiness:
 466 0000 1022     	 mov r2,#16
 467 0002 C030     	 add r0,r0,#192
 468 0004 0368     	 ldr r3,[r0]
 469              	 
 470 0006 9343     	 bic r3,r2
 471 0008 0360     	 str r3,[r0]
 472 000a 7047     	 bx lr
 474              	 .section .text.XMC_VADC_GROUP_EnableChannelSyncRequest,"ax",%progbits
 475              	 .align 1
 476              	 .global XMC_VADC_GROUP_EnableChannelSyncRequest
 477              	 .code 16
 478              	 .thumb_func
 480              	XMC_VADC_GROUP_EnableChannelSyncRequest:
 481 0000 031C     	 mov r3,r0
 482 0002 C033     	 add r3,r3,#192
 483 0004 1B68     	 ldr r3,[r3]
 484 0006 9B07     	 lsl r3,r3,#30
 485 0008 08D1     	 bne .L52
 486 000a 8022     	 mov r2,#128
 487 000c 8900     	 lsl r1,r1,#2
 488 000e 4118     	 add r1,r0,r1
 489 0010 8020     	 mov r0,#128
 490 0012 9200     	 lsl r2,r2,#2
 491 0014 8B58     	 ldr r3,[r1,r2]
 492 0016 C000     	 lsl r0,r0,#3
 493 0018 0343     	 orr r3,r0
 494 001a 8B50     	 str r3,[r1,r2]
 495              	.L52:
 496              	 
 497 001c 7047     	 bx lr
 499              	 .section .text.XMC_VADC_GROUP_DisableChannelSyncRequest,"ax",%progbits
 500              	 .align 1
 501              	 .global XMC_VADC_GROUP_DisableChannelSyncRequest
 502              	 .code 16
 503              	 .thumb_func
 505              	XMC_VADC_GROUP_DisableChannelSyncRequest:
 506 0000 031C     	 mov r3,r0
 507 0002 C033     	 add r3,r3,#192
 508 0004 1B68     	 ldr r3,[r3]
 509 0006 9B07     	 lsl r3,r3,#30
 510 0008 07D0     	 beq .L54
 511 000a 8022     	 mov r2,#128
 512 000c 8900     	 lsl r1,r1,#2
 513 000e 4118     	 add r1,r0,r1
 514 0010 9200     	 lsl r2,r2,#2
 515 0012 8858     	 ldr r0,[r1,r2]
 516 0014 014B     	 ldr r3,.L59
 517 0016 0340     	 and r3,r0
 518 0018 8B50     	 str r3,[r1,r2]
 519              	.L54:
 520              	 
 521 001a 7047     	 bx lr
 522              	.L60:
 523              	 .align 2
 524              	.L59:
 525 001c FFFBFFFF 	 .word -1025
 527              	 .section .text.XMC_VADC_GROUP_IsConverterBusy,"ax",%progbits
 528              	 .align 1
 529              	 .global XMC_VADC_GROUP_IsConverterBusy
 530              	 .code 16
 531              	 .thumb_func
 533              	XMC_VADC_GROUP_IsConverterBusy:
 534 0000 0430     	 add r0,r0,#4
 535 0002 C06F     	 ldr r0,[r0,#124]
 536              	 
 537 0004 4000     	 lsl r0,r0,#1
 538 0006 C00F     	 lsr r0,r0,#31
 539 0008 7047     	 bx lr
 541              	 .section .text.XMC_VADC_GROUP_SetBoundaries,"ax",%progbits
 542              	 .align 1
 543              	 .global XMC_VADC_GROUP_SetBoundaries
 544              	 .code 16
 545              	 .thumb_func
 547              	XMC_VADC_GROUP_SetBoundaries:
 548 0000 10B5     	 push {r4,lr}
 549 0002 B830     	 add r0,r0,#184
 550 0004 0468     	 ldr r4,[r0]
 551 0006 034B     	 ldr r3,.L63
 552 0008 1204     	 lsl r2,r2,#16
 553 000a 2340     	 and r3,r4
 554 000c 1143     	 orr r1,r2
 555 000e 1943     	 orr r1,r3
 556 0010 0160     	 str r1,[r0]
 557              	 
 558 0012 10BD     	 pop {r4,pc}
 559              	.L64:
 560              	 .align 2
 561              	.L63:
 562 0014 00F000F0 	 .word -268374016
 564              	 .section .text.XMC_VADC_GROUP_TriggerServiceRequest,"ax",%progbits
 565              	 .align 1
 566              	 .global XMC_VADC_GROUP_TriggerServiceRequest
 567              	 .code 16
 568              	 .thumb_func
 570              	XMC_VADC_GROUP_TriggerServiceRequest:
 571 0000 E423     	 mov r3,#228
 572 0002 5B00     	 lsl r3,r3,#1
 573 0004 30B5     	 push {r4,r5,lr}
 574 0006 C458     	 ldr r4,[r0,r3]
 575 0008 1D1C     	 mov r5,r3
 576 000a C83B     	 sub r3,r3,#200
 577 000c FF3B     	 sub r3,r3,#255
 578 000e 002A     	 cmp r2,#0
 579 0010 00D0     	 beq .L69
 580 0012 0831     	 add r1,r1,#8
 581              	.L69:
 582 0014 8B40     	 lsl r3,r3,r1
 583 0016 2343     	 orr r3,r4
 584 0018 4351     	 str r3,[r0,r5]
 585              	 
 586 001a 30BD     	 pop {r4,r5,pc}
 588              	 .section .text.XMC_VADC_GROUP_SetBoundaryEventInterruptNode,"ax",%progbits
 589              	 .align 1
 590              	 .global XMC_VADC_GROUP_SetBoundaryEventInterruptNode
 591              	 .code 16
 592              	 .thumb_func
 594              	XMC_VADC_GROUP_SetBoundaryEventInterruptNode:
 595 0000 10B5     	 push {r4,lr}
 596 0002 0F24     	 mov r4,#15
 597 0004 8900     	 lsl r1,r1,#2
 598 0006 8A40     	 lsl r2,r2,r1
 599 0008 8C40     	 lsl r4,r4,r1
 600 000a 111C     	 mov r1,r2
 601 000c D430     	 add r0,r0,#212
 602 000e 0368     	 ldr r3,[r0]
 603              	 
 604 0010 A343     	 bic r3,r4
 605 0012 0360     	 str r3,[r0]
 606 0014 0368     	 ldr r3,[r0]
 607 0016 1943     	 orr r1,r3
 608 0018 0160     	 str r1,[r0]
 609 001a 10BD     	 pop {r4,pc}
 611              	 .section .text.XMC_VADC_GLOBAL_SHS_Init,"ax",%progbits
 612              	 .align 1
 613              	 .global XMC_VADC_GLOBAL_SHS_Init
 614              	 .code 16
 615              	 .thumb_func
 617              	XMC_VADC_GLOBAL_SHS_Init:
 618 0000 8023     	 mov r3,#128
 619 0002 0A68     	 ldr r2,[r1]
 620 0004 1B02     	 lsl r3,r3,#8
 621 0006 1343     	 orr r3,r2
 622 0008 0122     	 mov r2,#1
 623 000a 0364     	 str r3,[r0,#64]
 624 000c BC30     	 add r0,r0,#188
 625 000e 0368     	 ldr r3,[r0]
 626              	 
 627 0010 9343     	 bic r3,r2
 628 0012 0360     	 str r3,[r0]
 629 0014 0368     	 ldr r3,[r0]
 630 0016 0A79     	 ldrb r2,[r1,#4]
 631 0018 1343     	 orr r3,r2
 632 001a 0360     	 str r3,[r0]
 633 001c 7047     	 bx lr
 635              	 .section .text.XMC_VADC_GLOBAL_SHS_EnableAcceleratedMode,"ax",%progbits
 636              	 .align 1
 637              	 .global XMC_VADC_GLOBAL_SHS_EnableAcceleratedMode
 638              	 .code 16
 639              	 .thumb_func
 641              	XMC_VADC_GLOBAL_SHS_EnableAcceleratedMode:
 642 0000 0029     	 cmp r1,#0
 643 0002 05D1     	 bne .L73
 644 0004 0122     	 mov r2,#1
 645 0006 0430     	 add r0,r0,#4
 646 0008 C36F     	 ldr r3,[r0,#124]
 647 000a 1343     	 orr r3,r2
 648 000c C367     	 str r3,[r0,#124]
 649 000e 05E0     	 b .L72
 650              	.L73:
 651 0010 0129     	 cmp r1,#1
 652 0012 03D1     	 bne .L72
 653 0014 0830     	 add r0,r0,#8
 654 0016 C36F     	 ldr r3,[r0,#124]
 655 0018 1943     	 orr r1,r3
 656 001a C167     	 str r1,[r0,#124]
 657              	.L72:
 658              	 
 659 001c 7047     	 bx lr
 661              	 .section .text.XMC_VADC_GLOBAL_SHS_DisableAcceleratedMode,"ax",%progbits
 662              	 .align 1
 663              	 .global XMC_VADC_GLOBAL_SHS_DisableAcceleratedMode
 664              	 .code 16
 665              	 .thumb_func
 667              	XMC_VADC_GLOBAL_SHS_DisableAcceleratedMode:
 668 0000 0029     	 cmp r1,#0
 669 0002 04D1     	 bne .L76
 670 0004 0122     	 mov r2,#1
 671 0006 0430     	 add r0,r0,#4
 672 0008 C36F     	 ldr r3,[r0,#124]
 673 000a 9343     	 bic r3,r2
 674 000c 04E0     	 b .L78
 675              	.L76:
 676 000e 0129     	 cmp r1,#1
 677 0010 03D1     	 bne .L75
 678 0012 0830     	 add r0,r0,#8
 679 0014 C36F     	 ldr r3,[r0,#124]
 680 0016 8B43     	 bic r3,r1
 681              	.L78:
 682 0018 C367     	 str r3,[r0,#124]
 683              	.L75:
 684              	 
 685 001a 7047     	 bx lr
 687              	 .section .text.XMC_VADC_GLOBAL_SHS_SetShortSampleTime,"ax",%progbits
 688              	 .align 1
 689              	 .global XMC_VADC_GLOBAL_SHS_SetShortSampleTime
 690              	 .code 16
 691              	 .thumb_func
 693              	XMC_VADC_GLOBAL_SHS_SetShortSampleTime:
 694 0000 0029     	 cmp r1,#0
 695 0002 01D1     	 bne .L80
 696 0004 0430     	 add r0,r0,#4
 697 0006 02E0     	 b .L82
 698              	.L80:
 699 0008 0129     	 cmp r1,#1
 700 000a 08D1     	 bne .L79
 701 000c 0830     	 add r0,r0,#8
 702              	.L82:
 703 000e C16F     	 ldr r1,[r0,#124]
 704 0010 034B     	 ldr r3,.L83
 705 0012 1202     	 lsl r2,r2,#8
 706 0014 0B40     	 and r3,r1
 707 0016 C367     	 str r3,[r0,#124]
 708 0018 C36F     	 ldr r3,[r0,#124]
 709 001a 1A43     	 orr r2,r3
 710 001c C267     	 str r2,[r0,#124]
 711              	.L79:
 712              	 
 713 001e 7047     	 bx lr
 714              	.L84:
 715              	 .align 2
 716              	.L83:
 717 0020 FFC0FFFF 	 .word -16129
 719              	 .section .text.XMC_VADC_GLOBAL_SHS_SetGainFactor,"ax",%progbits
 720              	 .align 1
 721              	 .global XMC_VADC_GLOBAL_SHS_SetGainFactor
 722              	 .code 16
 723              	 .thumb_func
 725              	XMC_VADC_GLOBAL_SHS_SetGainFactor:
 726 0000 30B5     	 push {r4,r5,lr}
 727 0002 9B00     	 lsl r3,r3,#2
 728 0004 002A     	 cmp r2,#0
 729 0006 01D1     	 bne .L86
 730 0008 8132     	 add r2,r2,#129
 731 000a 02E0     	 b .L88
 732              	.L86:
 733 000c 012A     	 cmp r2,#1
 734 000e 0BD1     	 bne .L85
 735 0010 9032     	 add r2,r2,#144
 736              	.L88:
 737 0012 0F25     	 mov r5,#15
 738 0014 9940     	 lsl r1,r1,r3
 739 0016 9D40     	 lsl r5,r5,r3
 740 0018 0B1C     	 mov r3,r1
 741 001a FF32     	 add r2,r2,#255
 742 001c 8458     	 ldr r4,[r0,r2]
 743 001e AC43     	 bic r4,r5
 744 0020 8450     	 str r4,[r0,r2]
 745 0022 8458     	 ldr r4,[r0,r2]
 746 0024 2343     	 orr r3,r4
 747 0026 8350     	 str r3,[r0,r2]
 748              	.L85:
 749              	 
 750 0028 30BD     	 pop {r4,r5,pc}
 752              	 .section .text.XMC_VADC_GLOBAL_SHS_EnableGainAndOffsetCalibrations,"ax",%progbits
 753              	 .align 1
 754              	 .global XMC_VADC_GLOBAL_SHS_EnableGainAndOffsetCalibrations
 755              	 .code 16
 756              	 .thumb_func
 758              	XMC_VADC_GLOBAL_SHS_EnableGainAndOffsetCalibrations:
 759 0000 0029     	 cmp r1,#0
 760 0002 01D1     	 bne .L90
 761 0004 E030     	 add r0,r0,#224
 762 0006 02E0     	 b .L92
 763              	.L90:
 764 0008 0129     	 cmp r1,#1
 765 000a 04D1     	 bne .L89
 766 000c E430     	 add r0,r0,#228
 767              	.L92:
 768 000e 0368     	 ldr r3,[r0]
 769 0010 5B00     	 lsl r3,r3,#1
 770 0012 5B08     	 lsr r3,r3,#1
 771 0014 0360     	 str r3,[r0]
 772              	.L89:
 773              	 
 774 0016 7047     	 bx lr
 776              	 .section .text.XMC_VADC_GLOBAL_SHS_DisableGainAndOffsetCalibrations,"ax",%progbits
 777              	 .align 1
 778              	 .global XMC_VADC_GLOBAL_SHS_DisableGainAndOffsetCalibrations
 779              	 .code 16
 780              	 .thumb_func
 782              	XMC_VADC_GLOBAL_SHS_DisableGainAndOffsetCalibrations:
 783 0000 0029     	 cmp r1,#0
 784 0002 01D1     	 bne .L94
 785 0004 E030     	 add r0,r0,#224
 786 0006 02E0     	 b .L96
 787              	.L94:
 788 0008 0129     	 cmp r1,#1
 789 000a 05D1     	 bne .L93
 790 000c E430     	 add r0,r0,#228
 791              	.L96:
 792 000e 8022     	 mov r2,#128
 793 0010 0368     	 ldr r3,[r0]
 794 0012 1206     	 lsl r2,r2,#24
 795 0014 1343     	 orr r3,r2
 796 0016 0360     	 str r3,[r0]
 797              	.L93:
 798              	 
 799 0018 7047     	 bx lr
 801              	 .section .text.XMC_VADC_GLOBAL_SHS_GetOffsetCalibrationValue,"ax",%progbits
 802              	 .align 1
 803              	 .global XMC_VADC_GLOBAL_SHS_GetOffsetCalibrationValue
 804              	 .code 16
 805              	 .thumb_func
 807              	XMC_VADC_GLOBAL_SHS_GetOffsetCalibrationValue:
 808 0000 0029     	 cmp r1,#0
 809 0002 01D1     	 bne .L98
 810 0004 E030     	 add r0,r0,#224
 811 0006 03E0     	 b .L101
 812              	.L98:
 813 0008 0023     	 mov r3,#0
 814 000a 0129     	 cmp r1,#1
 815 000c 05D1     	 bne .L99
 816 000e E430     	 add r0,r0,#228
 817              	.L101:
 818 0010 0168     	 ldr r1,[r0]
 819 0012 0B1C     	 mov r3,r1
 820 0014 7F21     	 mov r1,#127
 821 0016 D340     	 lsr r3,r3,r2
 822 0018 0B40     	 and r3,r1
 823              	.L99:
 824 001a D8B2     	 uxtb r0,r3
 825              	 
 826 001c 7047     	 bx lr
 828              	 .section .text.XMC_VADC_GLOBAL_SHS_SetOffsetCalibrationValue,"ax",%progbits
 829              	 .align 1
 830              	 .global XMC_VADC_GLOBAL_SHS_SetOffsetCalibrationValue
 831              	 .code 16
 832              	 .thumb_func
 834              	XMC_VADC_GLOBAL_SHS_SetOffsetCalibrationValue:
 835 0000 10B5     	 push {r4,lr}
 836 0002 0029     	 cmp r1,#0
 837 0004 0FD1     	 bne .L103
 838 0006 7F24     	 mov r4,#127
 839 0008 9440     	 lsl r4,r4,r2
 840 000a E030     	 add r0,r0,#224
 841 000c 0168     	 ldr r1,[r0]
 842 000e 9340     	 lsl r3,r3,r2
 843 0010 A143     	 bic r1,r4
 844 0012 8024     	 mov r4,#128
 845 0014 2402     	 lsl r4,r4,#8
 846 0016 2143     	 orr r1,r4
 847 0018 0160     	 str r1,[r0]
 848 001a 0168     	 ldr r1,[r0]
 849 001c 2143     	 orr r1,r4
 850 001e 0A1C     	 mov r2,r1
 851 0020 1A43     	 orr r2,r3
 852 0022 0260     	 str r2,[r0]
 853 0024 11E0     	 b .L102
 854              	.L103:
 855 0026 0129     	 cmp r1,#1
 856 0028 0FD1     	 bne .L102
 857 002a 7F24     	 mov r4,#127
 858 002c 9440     	 lsl r4,r4,r2
 859 002e E430     	 add r0,r0,#228
 860 0030 0168     	 ldr r1,[r0]
 861 0032 9340     	 lsl r3,r3,r2
 862 0034 A143     	 bic r1,r4
 863 0036 8024     	 mov r4,#128
 864 0038 2402     	 lsl r4,r4,#8
 865 003a 2143     	 orr r1,r4
 866 003c 0160     	 str r1,[r0]
 867 003e 0168     	 ldr r1,[r0]
 868 0040 1A1C     	 mov r2,r3
 869 0042 2143     	 orr r1,r4
 870 0044 0B1C     	 mov r3,r1
 871 0046 1343     	 orr r3,r2
 872 0048 0360     	 str r3,[r0]
 873              	.L102:
 874              	 
 875 004a 10BD     	 pop {r4,pc}
 877              	 .section .text.XMC_VADC_GLOBAL_SHS_SetSigmaDeltaLoop,"ax",%progbits
 878              	 .align 1
 879              	 .global XMC_VADC_GLOBAL_SHS_SetSigmaDeltaLoop
 880              	 .code 16
 881              	 .thumb_func
 883              	XMC_VADC_GLOBAL_SHS_SetSigmaDeltaLoop:
 884 0000 30B5     	 push {r4,r5,lr}
 885 0002 064D     	 ldr r5,.L106
 886 0004 0902     	 lsl r1,r1,#8
 887 0006 9540     	 lsl r5,r5,r2
 888 0008 0B43     	 orr r3,r1
 889 000a 9340     	 lsl r3,r3,r2
 890 000c 046D     	 ldr r4,[r0,#80]
 891              	 
 892 000e AC43     	 bic r4,r5
 893 0010 0465     	 str r4,[r0,#80]
 894 0012 046D     	 ldr r4,[r0,#80]
 895 0014 2343     	 orr r3,r4
 896 0016 0365     	 str r3,[r0,#80]
 897 0018 30BD     	 pop {r4,r5,pc}
 898              	.L107:
 899 001a C046     	 .align 2
 900              	.L106:
 901 001c 1F810000 	 .word 33055
 903              	 .section .text.XMC_VADC_GROUP_ScanInit,"ax",%progbits
 904              	 .align 1
 905              	 .global XMC_VADC_GROUP_ScanInit
 906              	 .code 16
 907              	 .thumb_func
 909              	XMC_VADC_GROUP_ScanInit:
 910 0000 30B5     	 push {r4,r5,lr}
 911 0002 041C     	 mov r4,r0
 912 0004 0834     	 add r4,r4,#8
 913 0006 E26F     	 ldr r2,[r4,#124]
 914 0008 134B     	 ldr r3,.L114
 915 000a 0D78     	 ldrb r5,[r1]
 916 000c 1340     	 and r3,r2
 917 000e 3022     	 mov r2,#48
 918 0010 E367     	 str r3,[r4,#124]
 919 0012 E36F     	 ldr r3,[r4,#124]
 920 0014 9343     	 bic r3,r2
 921 0016 1A1C     	 mov r2,r3
 922 0018 2B07     	 lsl r3,r5,#28
 923 001a 9B0F     	 lsr r3,r3,#30
 924 001c 1B01     	 lsl r3,r3,#4
 925 001e 1343     	 orr r3,r2
 926 0020 0322     	 mov r2,#3
 927 0022 2A40     	 and r2,r5
 928 0024 01D0     	 beq .L109
 929 0026 8025     	 mov r5,#128
 930 0028 2B43     	 orr r3,r5
 931              	.L109:
 932 002a E367     	 str r3,[r4,#124]
 933 002c 4D68     	 ldr r5,[r1,#4]
 934 002e 0B4B     	 ldr r3,.L114+4
 935 0030 FC30     	 add r0,r0,#252
 936 0032 2B43     	 orr r3,r5
 937 0034 4362     	 str r3,[r0,#36]
 938 0036 8B68     	 ldr r3,[r1,#8]
 939 0038 0121     	 mov r1,#1
 940 003a 0B43     	 orr r3,r1
 941 003c 8362     	 str r3,[r0,#40]
 942 003e 022A     	 cmp r2,#2
 943 0040 04D1     	 bne .L110
 944 0042 8022     	 mov r2,#128
 945 0044 836A     	 ldr r3,[r0,#40]
 946 0046 5202     	 lsl r2,r2,#9
 947 0048 1343     	 orr r3,r2
 948 004a 8362     	 str r3,[r0,#40]
 949              	.L110:
 950 004c 8022     	 mov r2,#128
 951 004e E36F     	 ldr r3,[r4,#124]
 952 0050 9204     	 lsl r2,r2,#18
 953 0052 1343     	 orr r3,r2
 954 0054 E367     	 str r3,[r4,#124]
 955              	 
 956 0056 30BD     	 pop {r4,r5,pc}
 957              	.L115:
 958              	 .align 2
 959              	.L114:
 960 0058 FFFFFFFD 	 .word -33554433
 961 005c 00808080 	 .word -2139062272
 963              	 .section .text.XMC_VADC_GROUP_ScanSelectTrigger,"ax",%progbits
 964              	 .align 1
 965              	 .global XMC_VADC_GROUP_ScanSelectTrigger
 966              	 .code 16
 967              	 .thumb_func
 969              	XMC_VADC_GROUP_ScanSelectTrigger:
 970 0000 FC30     	 add r0,r0,#252
 971 0002 426A     	 ldr r2,[r0,#36]
 972 0004 044B     	 ldr r3,.L117
 973 0006 0902     	 lsl r1,r1,#8
 974 0008 1340     	 and r3,r2
 975 000a 8022     	 mov r2,#128
 976 000c 1202     	 lsl r2,r2,#8
 977 000e 1343     	 orr r3,r2
 978 0010 1943     	 orr r1,r3
 979 0012 4162     	 str r1,[r0,#36]
 980              	 
 981 0014 7047     	 bx lr
 982              	.L118:
 983 0016 C046     	 .align 2
 984              	.L117:
 985 0018 FFF0FFFF 	 .word -3841
 987              	 .section .text.XMC_VADC_GROUP_ScanSelectTriggerEdge,"ax",%progbits
 988              	 .align 1
 989              	 .global XMC_VADC_GROUP_ScanSelectTriggerEdge
 990              	 .code 16
 991              	 .thumb_func
 993              	XMC_VADC_GROUP_ScanSelectTriggerEdge:
 994 0000 FC30     	 add r0,r0,#252
 995 0002 426A     	 ldr r2,[r0,#36]
 996 0004 044B     	 ldr r3,.L120
 997 0006 4903     	 lsl r1,r1,#13
 998 0008 1340     	 and r3,r2
 999 000a 8022     	 mov r2,#128
 1000 000c 1202     	 lsl r2,r2,#8
 1001 000e 1343     	 orr r3,r2
 1002 0010 1943     	 orr r1,r3
 1003 0012 4162     	 str r1,[r0,#36]
 1004              	 
 1005 0014 7047     	 bx lr
 1006              	.L121:
 1007 0016 C046     	 .align 2
 1008              	.L120:
 1009 0018 FF9FFFFF 	 .word -24577
 1011              	 .section .text.XMC_VADC_GROUP_ScanSelectGating,"ax",%progbits
 1012              	 .align 1
 1013              	 .global XMC_VADC_GROUP_ScanSelectGating
 1014              	 .code 16
 1015              	 .thumb_func
 1017              	XMC_VADC_GROUP_ScanSelectGating:
 1018 0000 FC30     	 add r0,r0,#252
 1019 0002 426A     	 ldr r2,[r0,#36]
 1020 0004 044B     	 ldr r3,.L123
 1021 0006 0904     	 lsl r1,r1,#16
 1022 0008 1340     	 and r3,r2
 1023 000a 8022     	 mov r2,#128
 1024 000c 1204     	 lsl r2,r2,#16
 1025 000e 1343     	 orr r3,r2
 1026 0010 1943     	 orr r1,r3
 1027 0012 4162     	 str r1,[r0,#36]
 1028              	 
 1029 0014 7047     	 bx lr
 1030              	.L124:
 1031 0016 C046     	 .align 2
 1032              	.L123:
 1033 0018 FFFFF0FF 	 .word -983041
 1035              	 .section .text.XMC_VADC_GROUP_ScanSequenceAbort,"ax",%progbits
 1036              	 .align 1
 1037              	 .global XMC_VADC_GROUP_ScanSequenceAbort
 1038              	 .code 16
 1039              	 .thumb_func
 1041              	XMC_VADC_GROUP_ScanSequenceAbort:
 1042 0000 031C     	 mov r3,r0
 1043 0002 70B5     	 push {r4,r5,r6,lr}
 1044 0004 0D4D     	 ldr r5,.L126
 1045 0006 FC33     	 add r3,r3,#252
 1046 0008 5A6A     	 ldr r2,[r3,#36]
 1047 000a 0830     	 add r0,r0,#8
 1048 000c 5D62     	 str r5,[r3,#36]
 1049 000e C66F     	 ldr r6,[r0,#124]
 1050 0010 0B49     	 ldr r1,.L126+4
 1051 0012 C46F     	 ldr r4,[r0,#124]
 1052 0014 2A43     	 orr r2,r5
 1053 0016 2140     	 and r1,r4
 1054 0018 0324     	 mov r4,#3
 1055 001a C167     	 str r1,[r0,#124]
 1056 001c 996A     	 ldr r1,[r3,#40]
 1057              	 
 1058 001e A143     	 bic r1,r4
 1059 0020 9962     	 str r1,[r3,#40]
 1060 0022 8021     	 mov r1,#128
 1061 0024 9C6A     	 ldr r4,[r3,#40]
 1062 0026 4900     	 lsl r1,r1,#1
 1063 0028 0C43     	 orr r4,r1
 1064 002a 8021     	 mov r1,#128
 1065 002c 9C62     	 str r4,[r3,#40]
 1066 002e C46F     	 ldr r4,[r0,#124]
 1067 0030 8904     	 lsl r1,r1,#18
 1068 0032 3140     	 and r1,r6
 1069 0034 2143     	 orr r1,r4
 1070 0036 C167     	 str r1,[r0,#124]
 1071 0038 5A62     	 str r2,[r3,#36]
 1072 003a 70BD     	 pop {r4,r5,r6,pc}
 1073              	.L127:
 1074              	 .align 2
 1075              	.L126:
 1076 003c 00808080 	 .word -2139062272
 1077 0040 FFFFFFFD 	 .word -33554433
 1079              	 .section .text.XMC_VADC_GROUP_ScanGetNumChannelsPending,"ax",%progbits
 1080              	 .align 1
 1081              	 .global XMC_VADC_GROUP_ScanGetNumChannelsPending
 1082              	 .code 16
 1083              	 .thumb_func
 1085              	XMC_VADC_GROUP_ScanGetNumChannelsPending:
 1086 0000 031C     	 mov r3,r0
 1087 0002 0020     	 mov r0,#0
 1088 0004 FC33     	 add r3,r3,#252
 1089 0006 1A6B     	 ldr r2,[r3,#48]
 1090 0008 8242     	 cmp r2,r0
 1091 000a 08D0     	 beq .L129
 1092 000c 1A6B     	 ldr r2,[r3,#48]
 1093 000e 0823     	 mov r3,#8
 1094              	.L131:
 1095 0010 0121     	 mov r1,#1
 1096 0012 013B     	 sub r3,r3,#1
 1097 0014 1140     	 and r1,r2
 1098 0016 4018     	 add r0,r0,r1
 1099 0018 5208     	 lsr r2,r2,#1
 1100 001a 002B     	 cmp r3,#0
 1101 001c F8D1     	 bne .L131
 1102              	.L129:
 1103              	 
 1104 001e 7047     	 bx lr
 1106              	 .section .text.XMC_VADC_GROUP_ScanSetReqSrcEventInterruptNode,"ax",%progbits
 1107              	 .align 1
 1108              	 .global XMC_VADC_GROUP_ScanSetReqSrcEventInterruptNode
 1109              	 .code 16
 1110              	 .thumb_func
 1112              	XMC_VADC_GROUP_ScanSetReqSrcEventInterruptNode:
 1113 0000 E022     	 mov r2,#224
 1114 0002 10B5     	 push {r4,lr}
 1115 0004 F024     	 mov r4,#240
 1116 0006 5200     	 lsl r2,r2,#1
 1117 0008 8358     	 ldr r3,[r0,r2]
 1118 000a 0901     	 lsl r1,r1,#4
 1119 000c A343     	 bic r3,r4
 1120 000e 1943     	 orr r1,r3
 1121 0010 8150     	 str r1,[r0,r2]
 1122              	 
 1123 0012 10BD     	 pop {r4,pc}
 1125              	 .section .text.XMC_VADC_GLOBAL_BackgroundInit,"ax",%progbits
 1126              	 .align 1
 1127              	 .global XMC_VADC_GLOBAL_BackgroundInit
 1128              	 .code 16
 1129              	 .thumb_func
 1131              	XMC_VADC_GLOBAL_BackgroundInit:
 1132 0000 8C46     	 mov ip,r1
 1133 0002 F0B5     	 push {r4,r5,r6,r7,lr}
 1134 0004 1E4C     	 ldr r4,.L141
 1135 0006 1F4B     	 ldr r3,.L141+4
 1136 0008 E26F     	 ldr r2,[r4,#124]
 1137 000a 1F4F     	 ldr r7,.L141+8
 1138 000c 1A40     	 and r2,r3
 1139 000e E267     	 str r2,[r4,#124]
 1140 0010 1E4A     	 ldr r2,.L141+12
 1141 0012 D16F     	 ldr r1,[r2,#124]
 1142 0014 0B40     	 and r3,r1
 1143 0016 D367     	 str r3,[r2,#124]
 1144 0018 6346     	 mov r3,ip
 1145 001a 0321     	 mov r1,#3
 1146 001c 1B78     	 ldrb r3,[r3]
 1147 001e 1940     	 and r1,r3
 1148 0020 0E1C     	 mov r6,r1
 1149 0022 751E     	 sub r5,r6,#1
 1150 0024 AE41     	 sbc r6,r6,r5
 1151 0026 1B07     	 lsl r3,r3,#28
 1152 0028 E56F     	 ldr r5,[r4,#124]
 1153 002a 9B0F     	 lsr r3,r3,#30
 1154 002c 3D40     	 and r5,r7
 1155 002e 1B02     	 lsl r3,r3,#8
 1156 0030 F602     	 lsl r6,r6,#11
 1157 0032 1D43     	 orr r5,r3
 1158 0034 3543     	 orr r5,r6
 1159 0036 E567     	 str r5,[r4,#124]
 1160 0038 D56F     	 ldr r5,[r2,#124]
 1161 003a 2F40     	 and r7,r5
 1162 003c 6546     	 mov r5,ip
 1163 003e 3B43     	 orr r3,r7
 1164 0040 3343     	 orr r3,r6
 1165 0042 D367     	 str r3,[r2,#124]
 1166 0044 6D68     	 ldr r5,[r5,#4]
 1167 0046 124B     	 ldr r3,.L141+16
 1168 0048 2B43     	 orr r3,r5
 1169 004a 8025     	 mov r5,#128
 1170 004c AD00     	 lsl r5,r5,#2
 1171 004e 4351     	 str r3,[r0,r5]
 1172 0050 6346     	 mov r3,ip
 1173 0052 0125     	 mov r5,#1
 1174 0054 9B68     	 ldr r3,[r3,#8]
 1175 0056 1D43     	 orr r5,r3
 1176 0058 8123     	 mov r3,#129
 1177 005a 9B00     	 lsl r3,r3,#2
 1178 005c C550     	 str r5,[r0,r3]
 1179 005e 0229     	 cmp r1,#2
 1180 0060 04D1     	 bne .L139
 1181 0062 8025     	 mov r5,#128
 1182 0064 C158     	 ldr r1,[r0,r3]
 1183 0066 6D02     	 lsl r5,r5,#9
 1184 0068 2943     	 orr r1,r5
 1185 006a C150     	 str r1,[r0,r3]
 1186              	.L139:
 1187 006c 8020     	 mov r0,#128
 1188 006e E16F     	 ldr r1,[r4,#124]
 1189 0070 C004     	 lsl r0,r0,#19
 1190 0072 0143     	 orr r1,r0
 1191 0074 E167     	 str r1,[r4,#124]
 1192 0076 D36F     	 ldr r3,[r2,#124]
 1193              	 
 1194 0078 0343     	 orr r3,r0
 1195 007a D367     	 str r3,[r2,#124]
 1196 007c F0BD     	 pop {r4,r5,r6,r7,pc}
 1197              	.L142:
 1198 007e C046     	 .align 2
 1199              	.L141:
 1200 0080 08040348 	 .word 1208157192
 1201 0084 FFFFFFFB 	 .word -67108865
 1202 0088 FFFCFFFF 	 .word -769
 1203 008c 08080348 	 .word 1208158216
 1204 0090 00808000 	 .word 8421376
 1206              	 .section .text.XMC_VADC_GLOBAL_BackgroundSelectTrigger,"ax",%progbits
 1207              	 .align 1
 1208              	 .global XMC_VADC_GLOBAL_BackgroundSelectTrigger
 1209              	 .code 16
 1210              	 .thumb_func
 1212              	XMC_VADC_GLOBAL_BackgroundSelectTrigger:
 1213 0000 8022     	 mov r2,#128
 1214 0002 9200     	 lsl r2,r2,#2
 1215 0004 10B5     	 push {r4,lr}
 1216 0006 054B     	 ldr r3,.L144
 1217 0008 8458     	 ldr r4,[r0,r2]
 1218 000a 0902     	 lsl r1,r1,#8
 1219 000c 2340     	 and r3,r4
 1220 000e 8024     	 mov r4,#128
 1221 0010 2402     	 lsl r4,r4,#8
 1222 0012 2343     	 orr r3,r4
 1223 0014 1943     	 orr r1,r3
 1224 0016 8150     	 str r1,[r0,r2]
 1225              	 
 1226 0018 10BD     	 pop {r4,pc}
 1227              	.L145:
 1228 001a C046     	 .align 2
 1229              	.L144:
 1230 001c FFF0FFFF 	 .word -3841
 1232              	 .section .text.XMC_VADC_GLOBAL_BackgroundSelectTriggerEdge,"ax",%progbits
 1233              	 .align 1
 1234              	 .global XMC_VADC_GLOBAL_BackgroundSelectTriggerEdge
 1235              	 .code 16
 1236              	 .thumb_func
 1238              	XMC_VADC_GLOBAL_BackgroundSelectTriggerEdge:
 1239 0000 8022     	 mov r2,#128
 1240 0002 9200     	 lsl r2,r2,#2
 1241 0004 10B5     	 push {r4,lr}
 1242 0006 054B     	 ldr r3,.L147
 1243 0008 8458     	 ldr r4,[r0,r2]
 1244 000a 4903     	 lsl r1,r1,#13
 1245 000c 2340     	 and r3,r4
 1246 000e 8024     	 mov r4,#128
 1247 0010 2402     	 lsl r4,r4,#8
 1248 0012 2343     	 orr r3,r4
 1249 0014 1943     	 orr r1,r3
 1250 0016 8150     	 str r1,[r0,r2]
 1251              	 
 1252 0018 10BD     	 pop {r4,pc}
 1253              	.L148:
 1254 001a C046     	 .align 2
 1255              	.L147:
 1256 001c FF9FFFFF 	 .word -24577
 1258              	 .section .text.XMC_VADC_GLOBAL_BackgroundSelectGating,"ax",%progbits
 1259              	 .align 1
 1260              	 .global XMC_VADC_GLOBAL_BackgroundSelectGating
 1261              	 .code 16
 1262              	 .thumb_func
 1264              	XMC_VADC_GLOBAL_BackgroundSelectGating:
 1265 0000 8022     	 mov r2,#128
 1266 0002 9200     	 lsl r2,r2,#2
 1267 0004 10B5     	 push {r4,lr}
 1268 0006 054B     	 ldr r3,.L150
 1269 0008 8458     	 ldr r4,[r0,r2]
 1270 000a 0904     	 lsl r1,r1,#16
 1271 000c 2340     	 and r3,r4
 1272 000e 8024     	 mov r4,#128
 1273 0010 2404     	 lsl r4,r4,#16
 1274 0012 2343     	 orr r3,r4
 1275 0014 1943     	 orr r1,r3
 1276 0016 8150     	 str r1,[r0,r2]
 1277              	 
 1278 0018 10BD     	 pop {r4,pc}
 1279              	.L151:
 1280 001a C046     	 .align 2
 1281              	.L150:
 1282 001c FFFFF0FF 	 .word -983041
 1284              	 .section .text.XMC_VADC_GLOBAL_BackgroundAbortSequence,"ax",%progbits
 1285              	 .align 1
 1286              	 .global XMC_VADC_GLOBAL_BackgroundAbortSequence
 1287              	 .code 16
 1288              	 .thumb_func
 1290              	XMC_VADC_GLOBAL_BackgroundAbortSequence:
 1291 0000 F7B5     	 push {r0,r1,r2,r4,r5,r6,r7,lr}
 1292 0002 8022     	 mov r2,#128
 1293 0004 9200     	 lsl r2,r2,#2
 1294 0006 8358     	 ldr r3,[r0,r2]
 1295 0008 1549     	 ldr r1,.L155
 1296 000a 0093     	 str r3,[sp]
 1297 000c 154B     	 ldr r3,.L155+4
 1298 000e 164E     	 ldr r6,.L155+8
 1299 0010 8350     	 str r3,[r0,r2]
 1300 0012 CD6F     	 ldr r5,[r1,#124]
 1301 0014 CB6F     	 ldr r3,[r1,#124]
 1302 0016 8024     	 mov r4,#128
 1303 0018 3340     	 and r3,r6
 1304 001a CB67     	 str r3,[r1,#124]
 1305 001c 134B     	 ldr r3,.L155+12
 1306 001e 6400     	 lsl r4,r4,#1
 1307 0020 DF6F     	 ldr r7,[r3,#124]
 1308 0022 AD0E     	 lsr r5,r5,#26
 1309 0024 BF0E     	 lsr r7,r7,#26
 1310 0026 0197     	 str r7,[sp,#4]
 1311 0028 DF6F     	 ldr r7,[r3,#124]
 1312 002a 3E40     	 and r6,r7
 1313 002c 8127     	 mov r7,#129
 1314 002e DE67     	 str r6,[r3,#124]
 1315 0030 BF00     	 lsl r7,r7,#2
 1316 0032 C659     	 ldr r6,[r0,r7]
 1317 0034 2643     	 orr r6,r4
 1318 0036 C651     	 str r6,[r0,r7]
 1319 0038 0A4C     	 ldr r4,.L155+4
 1320 003a 012D     	 cmp r5,#1
 1321 003c 04D1     	 bne .L153
 1322 003e 8026     	 mov r6,#128
 1323 0040 CD6F     	 ldr r5,[r1,#124]
 1324 0042 F604     	 lsl r6,r6,#19
 1325 0044 3543     	 orr r5,r6
 1326 0046 CD67     	 str r5,[r1,#124]
 1327              	.L153:
 1328 0048 0199     	 ldr r1,[sp,#4]
 1329 004a 0129     	 cmp r1,#1
 1330 004c 04D1     	 bne .L154
 1331 004e 8025     	 mov r5,#128
 1332 0050 D96F     	 ldr r1,[r3,#124]
 1333 0052 ED04     	 lsl r5,r5,#19
 1334 0054 2943     	 orr r1,r5
 1335 0056 D967     	 str r1,[r3,#124]
 1336              	.L154:
 1337 0058 009B     	 ldr r3,[sp]
 1338              	 
 1339 005a 1C43     	 orr r4,r3
 1340 005c 8450     	 str r4,[r0,r2]
 1341 005e F7BD     	 pop {r0,r1,r2,r4,r5,r6,r7,pc}
 1342              	.L156:
 1343              	 .align 2
 1344              	.L155:
 1345 0060 08040348 	 .word 1208157192
 1346 0064 00808000 	 .word 8421376
 1347 0068 FFFFFFFB 	 .word -67108865
 1348 006c 08080348 	 .word 1208158216
 1350              	 .section .text.XMC_VADC_GLOBAL_BackgroundGetNumChannelsPending,"ax",%progbits
 1351              	 .align 1
 1352              	 .global XMC_VADC_GLOBAL_BackgroundGetNumChannelsPending
 1353              	 .code 16
 1354              	 .thumb_func
 1356              	XMC_VADC_GLOBAL_BackgroundGetNumChannelsPending:
 1357 0000 0023     	 mov r3,#0
 1358 0002 191C     	 mov r1,r3
 1359 0004 30B5     	 push {r4,r5,lr}
 1360              	.L161:
 1361 0006 C024     	 mov r4,#192
 1362 0008 8A00     	 lsl r2,r1,#2
 1363 000a 8218     	 add r2,r0,r2
 1364 000c 6400     	 lsl r4,r4,#1
 1365 000e 1459     	 ldr r4,[r2,r4]
 1366 0010 002C     	 cmp r4,#0
 1367 0012 0AD0     	 beq .L158
 1368 0014 E024     	 mov r4,#224
 1369 0016 6400     	 lsl r4,r4,#1
 1370 0018 1459     	 ldr r4,[r2,r4]
 1371 001a 0822     	 mov r2,#8
 1372              	.L160:
 1373 001c 0125     	 mov r5,#1
 1374 001e 013A     	 sub r2,r2,#1
 1375 0020 2540     	 and r5,r4
 1376 0022 5B19     	 add r3,r3,r5
 1377 0024 6408     	 lsr r4,r4,#1
 1378 0026 002A     	 cmp r2,#0
 1379 0028 F8D1     	 bne .L160
 1380              	.L158:
 1381 002a 0129     	 cmp r1,#1
 1382 002c 01D0     	 beq .L168
 1383 002e 0121     	 mov r1,#1
 1384 0030 E9E7     	 b .L161
 1385              	.L168:
 1386 0032 181C     	 mov r0,r3
 1387              	 
 1388 0034 30BD     	 pop {r4,r5,pc}
 1390              	 .section .text.XMC_VADC_GROUP_QueueInit,"ax",%progbits
 1391              	 .align 1
 1392              	 .global XMC_VADC_GROUP_QueueInit
 1393              	 .code 16
 1394              	 .thumb_func
 1396              	XMC_VADC_GROUP_QueueInit:
 1397 0000 70B5     	 push {r4,r5,r6,lr}
 1398 0002 041C     	 mov r4,r0
 1399 0004 0325     	 mov r5,#3
 1400 0006 0834     	 add r4,r4,#8
 1401 0008 E26F     	 ldr r2,[r4,#124]
 1402 000a 134B     	 ldr r3,.L175
 1403 000c 0E78     	 ldrb r6,[r1]
 1404 000e 1340     	 and r3,r2
 1405 0010 E367     	 str r3,[r4,#124]
 1406 0012 E36F     	 ldr r3,[r4,#124]
 1407 0014 AB43     	 bic r3,r5
 1408 0016 1A1C     	 mov r2,r3
 1409 0018 3307     	 lsl r3,r6,#28
 1410 001a 9B0F     	 lsr r3,r3,#30
 1411 001c 1343     	 orr r3,r2
 1412 001e 321C     	 mov r2,r6
 1413 0020 2A40     	 and r2,r5
 1414 0022 01D0     	 beq .L170
 1415 0024 0535     	 add r5,r5,#5
 1416 0026 2B43     	 orr r3,r5
 1417              	.L170:
 1418 0028 E367     	 str r3,[r4,#124]
 1419 002a 4D68     	 ldr r5,[r1,#4]
 1420 002c 0B4B     	 ldr r3,.L175+4
 1421 002e FC30     	 add r0,r0,#252
 1422 0030 2B43     	 orr r3,r5
 1423 0032 4360     	 str r3,[r0,#4]
 1424 0034 8B68     	 ldr r3,[r1,#8]
 1425 0036 0121     	 mov r1,#1
 1426 0038 0B43     	 orr r3,r1
 1427 003a 8360     	 str r3,[r0,#8]
 1428 003c 022A     	 cmp r2,#2
 1429 003e 04D1     	 bne .L171
 1430 0040 8022     	 mov r2,#128
 1431 0042 8368     	 ldr r3,[r0,#8]
 1432 0044 5202     	 lsl r2,r2,#9
 1433 0046 1343     	 orr r3,r2
 1434 0048 8360     	 str r3,[r0,#8]
 1435              	.L171:
 1436 004a 8022     	 mov r2,#128
 1437 004c E36F     	 ldr r3,[r4,#124]
 1438 004e 5204     	 lsl r2,r2,#17
 1439 0050 1343     	 orr r3,r2
 1440 0052 E367     	 str r3,[r4,#124]
 1441              	 
 1442 0054 70BD     	 pop {r4,r5,r6,pc}
 1443              	.L176:
 1444 0056 C046     	 .align 2
 1445              	.L175:
 1446 0058 FFFFFFFE 	 .word -16777217
 1447 005c 00808080 	 .word -2139062272
 1449              	 .section .text.XMC_VADC_GROUP_QueueSelectTrigger,"ax",%progbits
 1450              	 .align 1
 1451              	 .global XMC_VADC_GROUP_QueueSelectTrigger
 1452              	 .code 16
 1453              	 .thumb_func
 1455              	XMC_VADC_GROUP_QueueSelectTrigger:
 1456 0000 FC30     	 add r0,r0,#252
 1457 0002 4268     	 ldr r2,[r0,#4]
 1458 0004 044B     	 ldr r3,.L178
 1459 0006 0902     	 lsl r1,r1,#8
 1460 0008 1340     	 and r3,r2
 1461 000a 8022     	 mov r2,#128
 1462 000c 1202     	 lsl r2,r2,#8
 1463 000e 1343     	 orr r3,r2
 1464 0010 1943     	 orr r1,r3
 1465 0012 4160     	 str r1,[r0,#4]
 1466              	 
 1467 0014 7047     	 bx lr
 1468              	.L179:
 1469 0016 C046     	 .align 2
 1470              	.L178:
 1471 0018 FFF0FFFF 	 .word -3841
 1473              	 .section .text.XMC_VADC_GROUP_QueueSelectTriggerEdge,"ax",%progbits
 1474              	 .align 1
 1475              	 .global XMC_VADC_GROUP_QueueSelectTriggerEdge
 1476              	 .code 16
 1477              	 .thumb_func
 1479              	XMC_VADC_GROUP_QueueSelectTriggerEdge:
 1480 0000 FC30     	 add r0,r0,#252
 1481 0002 4268     	 ldr r2,[r0,#4]
 1482 0004 044B     	 ldr r3,.L181
 1483 0006 4903     	 lsl r1,r1,#13
 1484 0008 1340     	 and r3,r2
 1485 000a 8022     	 mov r2,#128
 1486 000c 1202     	 lsl r2,r2,#8
 1487 000e 1343     	 orr r3,r2
 1488 0010 1943     	 orr r1,r3
 1489 0012 4160     	 str r1,[r0,#4]
 1490              	 
 1491 0014 7047     	 bx lr
 1492              	.L182:
 1493 0016 C046     	 .align 2
 1494              	.L181:
 1495 0018 FF9FFFFF 	 .word -24577
 1497              	 .section .text.XMC_VADC_GROUP_QueueSelectGating,"ax",%progbits
 1498              	 .align 1
 1499              	 .global XMC_VADC_GROUP_QueueSelectGating
 1500              	 .code 16
 1501              	 .thumb_func
 1503              	XMC_VADC_GROUP_QueueSelectGating:
 1504 0000 FC30     	 add r0,r0,#252
 1505 0002 4268     	 ldr r2,[r0,#4]
 1506 0004 044B     	 ldr r3,.L184
 1507 0006 0904     	 lsl r1,r1,#16
 1508 0008 1340     	 and r3,r2
 1509 000a 8022     	 mov r2,#128
 1510 000c 1204     	 lsl r2,r2,#16
 1511 000e 1343     	 orr r3,r2
 1512 0010 1943     	 orr r1,r3
 1513 0012 4160     	 str r1,[r0,#4]
 1514              	 
 1515 0014 7047     	 bx lr
 1516              	.L185:
 1517 0016 C046     	 .align 2
 1518              	.L184:
 1519 0018 FFFFF0FF 	 .word -983041
 1521              	 .section .text.XMC_VADC_GROUP_QueueGetLength,"ax",%progbits
 1522              	 .align 1
 1523              	 .global XMC_VADC_GROUP_QueueGetLength
 1524              	 .code 16
 1525              	 .thumb_func
 1527              	XMC_VADC_GROUP_QueueGetLength:
 1528 0000 031C     	 mov r3,r0
 1529 0002 FC33     	 add r3,r3,#252
 1530 0004 D968     	 ldr r1,[r3,#12]
 1531 0006 0020     	 mov r0,#0
 1532 0008 5A69     	 ldr r2,[r3,#20]
 1533 000a 8B06     	 lsl r3,r1,#26
 1534 000c 03D4     	 bmi .L187
 1535 000e 0F23     	 mov r3,#15
 1536 0010 1940     	 and r1,r3
 1537 0012 081C     	 mov r0,r1
 1538 0014 0130     	 add r0,r0,#1
 1539              	.L187:
 1540 0016 D305     	 lsl r3,r2,#23
 1541 0018 DB0F     	 lsr r3,r3,#31
 1542 001a C018     	 add r0,r0,r3
 1543              	 
 1544 001c 7047     	 bx lr
 1546              	 .section .text.XMC_VADC_GROUP_QueueAbortSequence,"ax",%progbits
 1547              	 .align 1
 1548              	 .global XMC_VADC_GROUP_QueueAbortSequence
 1549              	 .code 16
 1550              	 .thumb_func
 1552              	XMC_VADC_GROUP_QueueAbortSequence:
 1553 0000 70B5     	 push {r4,r5,r6,lr}
 1554 0002 041C     	 mov r4,r0
 1555 0004 0D4B     	 ldr r3,.L195
 1556 0006 FC34     	 add r4,r4,#252
 1557 0008 6568     	 ldr r5,[r4,#4]
 1558 000a 0830     	 add r0,r0,#8
 1559 000c 6360     	 str r3,[r4,#4]
 1560 000e C26F     	 ldr r2,[r0,#124]
 1561 0010 0B49     	 ldr r1,.L195+4
 1562 0012 C66F     	 ldr r6,[r0,#124]
 1563 0014 D201     	 lsl r2,r2,#7
 1564 0016 3140     	 and r1,r6
 1565 0018 8026     	 mov r6,#128
 1566 001a C167     	 str r1,[r0,#124]
 1567 001c A168     	 ldr r1,[r4,#8]
 1568 001e F600     	 lsl r6,r6,#3
 1569 0020 3143     	 orr r1,r6
 1570 0022 D20F     	 lsr r2,r2,#31
 1571 0024 A160     	 str r1,[r4,#8]
 1572              	.L193:
 1573 0026 E168     	 ldr r1,[r4,#12]
 1574 0028 8906     	 lsl r1,r1,#26
 1575 002a FCD5     	 bpl .L193
 1576 002c C16F     	 ldr r1,[r0,#124]
 1577 002e 1206     	 lsl r2,r2,#24
 1578 0030 2B43     	 orr r3,r5
 1579 0032 0A43     	 orr r2,r1
 1580 0034 C267     	 str r2,[r0,#124]
 1581              	 
 1582 0036 6360     	 str r3,[r4,#4]
 1583 0038 70BD     	 pop {r4,r5,r6,pc}
 1584              	.L196:
 1585 003a C046     	 .align 2
 1586              	.L195:
 1587 003c 00808080 	 .word -2139062272
 1588 0040 FFFFFFFE 	 .word -16777217
 1590              	 .section .text.XMC_VADC_GROUP_QueueRemoveChannel,"ax",%progbits
 1591              	 .align 1
 1592              	 .global XMC_VADC_GROUP_QueueRemoveChannel
 1593              	 .code 16
 1594              	 .thumb_func
 1596              	XMC_VADC_GROUP_QueueRemoveChannel:
 1597 0000 F0B5     	 push {r4,r5,r6,r7,lr}
 1598 0002 041C     	 mov r4,r0
 1599 0004 051C     	 mov r5,r0
 1600 0006 FC34     	 add r4,r4,#252
 1601 0008 6368     	 ldr r3,[r4,#4]
 1602 000a 85B0     	 sub sp,sp,#20
 1603 000c 0193     	 str r3,[sp,#4]
 1604 000e 144B     	 ldr r3,.L203
 1605 0010 0835     	 add r5,r5,#8
 1606 0012 6360     	 str r3,[r4,#4]
 1607 0014 EB6F     	 ldr r3,[r5,#124]
 1608 0016 EA6F     	 ldr r2,[r5,#124]
 1609 0018 DB01     	 lsl r3,r3,#7
 1610 001a DB0F     	 lsr r3,r3,#31
 1611 001c 0293     	 str r3,[sp,#8]
 1612 001e 114B     	 ldr r3,.L203+4
 1613 0020 061C     	 mov r6,r0
 1614 0022 1340     	 and r3,r2
 1615 0024 EB67     	 str r3,[r5,#124]
 1616 0026 FFF7FEFF 	 bl XMC_VADC_GROUP_QueueGetLength
 1617 002a 0D4B     	 ldr r3,.L203
 1618 002c 071E     	 sub r7,r0,#0
 1619 002e 0393     	 str r3,[sp,#12]
 1620 0030 0AD1     	 bne .L198
 1621              	.L201:
 1622 0032 029A     	 ldr r2,[sp,#8]
 1623 0034 EB6F     	 ldr r3,[r5,#124]
 1624 0036 1206     	 lsl r2,r2,#24
 1625 0038 1343     	 orr r3,r2
 1626 003a EB67     	 str r3,[r5,#124]
 1627 003c 019A     	 ldr r2,[sp,#4]
 1628 003e 039B     	 ldr r3,[sp,#12]
 1629 0040 1343     	 orr r3,r2
 1630 0042 6360     	 str r3,[r4,#4]
 1631 0044 05B0     	 add sp,sp,#20
 1632              	 
 1633 0046 F0BD     	 pop {r4,r5,r6,r7,pc}
 1634              	.L198:
 1635 0048 8022     	 mov r2,#128
 1636 004a A368     	 ldr r3,[r4,#8]
 1637 004c 5200     	 lsl r2,r2,#1
 1638 004e 1343     	 orr r3,r2
 1639 0050 A360     	 str r3,[r4,#8]
 1640              	.L200:
 1641 0052 301C     	 mov r0,r6
 1642 0054 FFF7FEFF 	 bl XMC_VADC_GROUP_QueueGetLength
 1643 0058 B842     	 cmp r0,r7
 1644 005a FAD0     	 beq .L200
 1645 005c E9E7     	 b .L201
 1646              	.L204:
 1647 005e C046     	 .align 2
 1648              	.L203:
 1649 0060 00808080 	 .word -2139062272
 1650 0064 FFFFFFFE 	 .word -16777217
 1652              	 .section .text.XMC_VADC_GROUP_QueueGetNextChannel,"ax",%progbits
 1653              	 .align 1
 1654              	 .global XMC_VADC_GROUP_QueueGetNextChannel
 1655              	 .code 16
 1656              	 .thumb_func
 1658              	XMC_VADC_GROUP_QueueGetNextChannel:
 1659 0000 8023     	 mov r3,#128
 1660 0002 FC30     	 add r0,r0,#252
 1661 0004 4269     	 ldr r2,[r0,#20]
 1662 0006 5B00     	 lsl r3,r3,#1
 1663 0008 1A42     	 tst r2,r3
 1664 000a 01D0     	 beq .L206
 1665 000c 4069     	 ldr r0,[r0,#20]
 1666 000e 03E0     	 b .L209
 1667              	.L206:
 1668 0010 0269     	 ldr r2,[r0,#16]
 1669 0012 1A42     	 tst r2,r3
 1670 0014 03D0     	 beq .L208
 1671 0016 0069     	 ldr r0,[r0,#16]
 1672              	.L209:
 1673 0018 1F23     	 mov r3,#31
 1674 001a 1840     	 and r0,r3
 1675 001c 01E0     	 b .L207
 1676              	.L208:
 1677 001e 0120     	 mov r0,#1
 1678 0020 4042     	 neg r0,r0
 1679              	.L207:
 1680              	 
 1681 0022 7047     	 bx lr
 1683              	 .section .text.XMC_VADC_GROUP_QueueGetInterruptedChannel,"ax",%progbits
 1684              	 .align 1
 1685              	 .global XMC_VADC_GROUP_QueueGetInterruptedChannel
 1686              	 .code 16
 1687              	 .thumb_func
 1689              	XMC_VADC_GROUP_QueueGetInterruptedChannel:
 1690 0000 FC30     	 add r0,r0,#252
 1691 0002 4369     	 ldr r3,[r0,#20]
 1692 0004 DB05     	 lsl r3,r3,#23
 1693 0006 03D5     	 bpl .L212
 1694 0008 1F23     	 mov r3,#31
 1695 000a 4069     	 ldr r0,[r0,#20]
 1696 000c 1840     	 and r0,r3
 1697 000e 01E0     	 b .L211
 1698              	.L212:
 1699 0010 0120     	 mov r0,#1
 1700 0012 4042     	 neg r0,r0
 1701              	.L211:
 1702              	 
 1703 0014 7047     	 bx lr
 1705              	 .section .text.XMC_VADC_GROUP_QueueSetReqSrcEventInterruptNode,"ax",%progbits
 1706              	 .align 1
 1707              	 .global XMC_VADC_GROUP_QueueSetReqSrcEventInterruptNode
 1708              	 .code 16
 1709              	 .thumb_func
 1711              	XMC_VADC_GROUP_QueueSetReqSrcEventInterruptNode:
 1712 0000 E022     	 mov r2,#224
 1713 0002 10B5     	 push {r4,lr}
 1714 0004 0F24     	 mov r4,#15
 1715 0006 5200     	 lsl r2,r2,#1
 1716 0008 8358     	 ldr r3,[r0,r2]
 1717              	 
 1718 000a A343     	 bic r3,r4
 1719 000c 1943     	 orr r1,r3
 1720 000e 8150     	 str r1,[r0,r2]
 1721 0010 10BD     	 pop {r4,pc}
 1723              	 .section .text.XMC_VADC_GROUP_ChannelInit,"ax",%progbits
 1724              	 .align 1
 1725              	 .global XMC_VADC_GROUP_ChannelInit
 1726              	 .code 16
 1727              	 .thumb_func
 1729              	XMC_VADC_GROUP_ChannelInit:
 1730 0000 70B5     	 push {r4,r5,r6,lr}
 1731 0002 0124     	 mov r4,#1
 1732 0004 051C     	 mov r5,r0
 1733 0006 8C40     	 lsl r4,r4,r1
 1734 0008 8835     	 add r5,r5,#136
 1735 000a 2B68     	 ldr r3,[r5]
 1736 000c A343     	 bic r3,r4
 1737 000e 147B     	 ldrb r4,[r2,#12]
 1738 0010 8C40     	 lsl r4,r4,r1
 1739 0012 2343     	 orr r3,r4
 1740 0014 2B60     	 str r3,[r5]
 1741 0016 537B     	 ldrb r3,[r2,#13]
 1742 0018 7F2B     	 cmp r3,#127
 1743 001a 17D8     	 bhi .L215
 1744 001c 031C     	 mov r3,r0
 1745 001e B033     	 add r3,r3,#176
 1746 0020 0129     	 cmp r1,#1
 1747 0022 05D1     	 bne .L216
 1748 0024 1D68     	 ldr r5,[r3]
 1749 0026 114C     	 ldr r4,.L219
 1750 0028 0826     	 mov r6,#8
 1751 002a 2C40     	 and r4,r5
 1752 002c 1C60     	 str r4,[r3]
 1753 002e 07E0     	 b .L217
 1754              	.L216:
 1755 0030 0026     	 mov r6,#0
 1756 0032 B142     	 cmp r1,r6
 1757 0034 04D1     	 bne .L217
 1758 0036 1F25     	 mov r5,#31
 1759 0038 0E1C     	 mov r6,r1
 1760 003a 1C68     	 ldr r4,[r3]
 1761 003c AC43     	 bic r4,r5
 1762 003e 1C60     	 str r4,[r3]
 1763              	.L217:
 1764 0040 0D24     	 mov r4,#13
 1765 0042 1457     	 ldrsb r4,[r2,r4]
 1766 0044 1D68     	 ldr r5,[r3]
 1767 0046 B440     	 lsl r4,r4,r6
 1768 0048 2C43     	 orr r4,r5
 1769 004a 1C60     	 str r4,[r3]
 1770              	.L215:
 1771 004c 041C     	 mov r4,r0
 1772 004e C834     	 add r4,r4,#200
 1773 0050 2368     	 ldr r3,[r4]
 1774 0052 5568     	 ldr r5,[r2,#4]
 1775 0054 8031     	 add r1,r1,#128
 1776 0056 2B43     	 orr r3,r5
 1777 0058 2360     	 str r3,[r4]
 1778 005a 9568     	 ldr r5,[r2,#8]
 1779 005c A368     	 ldr r3,[r4,#8]
 1780 005e 8900     	 lsl r1,r1,#2
 1781 0060 2B43     	 orr r3,r5
 1782 0062 A360     	 str r3,[r4,#8]
 1783 0064 1368     	 ldr r3,[r2]
 1784              	 
 1785 0066 0B50     	 str r3,[r1,r0]
 1786 0068 70BD     	 pop {r4,r5,r6,pc}
 1787              	.L220:
 1788 006a C046     	 .align 2
 1789              	.L219:
 1790 006c FFE0FFFF 	 .word -7937
 1792              	 .section .text.XMC_VADC_GROUP_SetChannelAlias,"ax",%progbits
 1793              	 .align 1
 1794              	 .global XMC_VADC_GROUP_SetChannelAlias
 1795              	 .code 16
 1796              	 .thumb_func
 1798              	XMC_VADC_GROUP_SetChannelAlias:
 1799 0000 B030     	 add r0,r0,#176
 1800 0002 10B5     	 push {r4,lr}
 1801 0004 0368     	 ldr r3,[r0]
 1802 0006 1F24     	 mov r4,#31
 1803 0008 002A     	 cmp r2,#0
 1804 000a 02D0     	 beq .L222
 1805 000c F824     	 mov r4,#248
 1806 000e 0822     	 mov r2,#8
 1807 0010 6401     	 lsl r4,r4,#5
 1808              	.L222:
 1809 0012 9140     	 lsl r1,r1,r2
 1810 0014 A343     	 bic r3,r4
 1811 0016 1943     	 orr r1,r3
 1812 0018 0160     	 str r1,[r0]
 1813              	 
 1814 001a 10BD     	 pop {r4,pc}
 1816              	 .section .text.XMC_VADC_GROUP_ChannelIsResultOutOfBounds,"ax",%progbits
 1817              	 .align 1
 1818              	 .global XMC_VADC_GROUP_ChannelIsResultOutOfBounds
 1819              	 .code 16
 1820              	 .thumb_func
 1822              	XMC_VADC_GROUP_ChannelIsResultOutOfBounds:
 1823 0000 0B1C     	 mov r3,r1
 1824 0002 C022     	 mov r2,#192
 1825 0004 8033     	 add r3,r3,#128
 1826 0006 9B00     	 lsl r3,r3,#2
 1827 0008 1B58     	 ldr r3,[r3,r0]
 1828 000a 5200     	 lsl r2,r2,#1
 1829 000c 9B05     	 lsl r3,r3,#22
 1830 000e 9B0F     	 lsr r3,r3,#30
 1831 0010 013B     	 sub r3,r3,#1
 1832 0012 8258     	 ldr r2,[r0,r2]
 1833 0014 0020     	 mov r0,#0
 1834 0016 012B     	 cmp r3,#1
 1835 0018 06D8     	 bhi .L225
 1836 001a 0123     	 mov r3,#1
 1837 001c 8B40     	 lsl r3,r3,r1
 1838 001e 1A40     	 and r2,r3
 1839 0020 101C     	 mov r0,r2
 1840 0022 411E     	 sub r1,r0,#1
 1841 0024 8841     	 sbc r0,r0,r1
 1842 0026 C0B2     	 uxtb r0,r0
 1843              	.L225:
 1844              	 
 1845 0028 7047     	 bx lr
 1847              	 .section .text.XMC_VADC_GROUP_ChannelSetInputReference,"ax",%progbits
 1848              	 .align 1
 1849              	 .global XMC_VADC_GROUP_ChannelSetInputReference
 1850              	 .code 16
 1851              	 .thumb_func
 1853              	XMC_VADC_GROUP_ChannelSetInputReference:
 1854 0000 8900     	 lsl r1,r1,#2
 1855 0002 4118     	 add r1,r0,r1
 1856 0004 8020     	 mov r0,#128
 1857 0006 10B5     	 push {r4,lr}
 1858 0008 8000     	 lsl r0,r0,#2
 1859 000a 0C58     	 ldr r4,[r1,r0]
 1860 000c 024B     	 ldr r3,.L228
 1861 000e D202     	 lsl r2,r2,#11
 1862 0010 2340     	 and r3,r4
 1863 0012 1A43     	 orr r2,r3
 1864 0014 0A50     	 str r2,[r1,r0]
 1865              	 
 1866 0016 10BD     	 pop {r4,pc}
 1867              	.L229:
 1868              	 .align 2
 1869              	.L228:
 1870 0018 FFF7FFFF 	 .word -2049
 1872              	 .section .text.XMC_VADC_GROUP_ChannelSetResultRegister,"ax",%progbits
 1873              	 .align 1
 1874              	 .global XMC_VADC_GROUP_ChannelSetResultRegister
 1875              	 .code 16
 1876              	 .thumb_func
 1878              	XMC_VADC_GROUP_ChannelSetResultRegister:
 1879 0000 8900     	 lsl r1,r1,#2
 1880 0002 4118     	 add r1,r0,r1
 1881 0004 8020     	 mov r0,#128
 1882 0006 10B5     	 push {r4,lr}
 1883 0008 8000     	 lsl r0,r0,#2
 1884 000a 0C58     	 ldr r4,[r1,r0]
 1885 000c 024B     	 ldr r3,.L231
 1886 000e 1204     	 lsl r2,r2,#16
 1887 0010 2340     	 and r3,r4
 1888 0012 1A43     	 orr r2,r3
 1889 0014 0A50     	 str r2,[r1,r0]
 1890              	 
 1891 0016 10BD     	 pop {r4,pc}
 1892              	.L232:
 1893              	 .align 2
 1894              	.L231:
 1895 0018 FFFFF0FF 	 .word -983041
 1897              	 .section .text.XMC_VADC_GROUP_ChannelGetResultRegister,"ax",%progbits
 1898              	 .align 1
 1899              	 .global XMC_VADC_GROUP_ChannelGetResultRegister
 1900              	 .code 16
 1901              	 .thumb_func
 1903              	XMC_VADC_GROUP_ChannelGetResultRegister:
 1904 0000 8031     	 add r1,r1,#128
 1905 0002 8900     	 lsl r1,r1,#2
 1906 0004 0858     	 ldr r0,[r1,r0]
 1907              	 
 1908 0006 0003     	 lsl r0,r0,#12
 1909 0008 000F     	 lsr r0,r0,#28
 1910 000a 7047     	 bx lr
 1912              	 .section .text.XMC_VADC_GROUP_ChannelTriggerEvent,"ax",%progbits
 1913              	 .align 1
 1914              	 .global XMC_VADC_GROUP_ChannelTriggerEvent
 1915              	 .code 16
 1916              	 .thumb_func
 1918              	XMC_VADC_GROUP_ChannelTriggerEvent:
 1919 0000 0122     	 mov r2,#1
 1920 0002 8A40     	 lsl r2,r2,r1
 1921 0004 10B5     	 push {r4,lr}
 1922 0006 C024     	 mov r4,#192
 1923 0008 111C     	 mov r1,r2
 1924 000a 6400     	 lsl r4,r4,#1
 1925 000c 0359     	 ldr r3,[r0,r4]
 1926              	 
 1927 000e 1943     	 orr r1,r3
 1928 0010 0151     	 str r1,[r0,r4]
 1929 0012 10BD     	 pop {r4,pc}
 1931              	 .section .text.XMC_VADC_GROUP_ChannelSetEventInterruptNode,"ax",%progbits
 1932              	 .align 1
 1933              	 .global XMC_VADC_GROUP_ChannelSetEventInterruptNode
 1934              	 .code 16
 1935              	 .thumb_func
 1937              	XMC_VADC_GROUP_ChannelSetEventInterruptNode:
 1938 0000 30B5     	 push {r4,r5,lr}
 1939 0002 0F25     	 mov r5,#15
 1940 0004 D024     	 mov r4,#208
 1941 0006 8900     	 lsl r1,r1,#2
 1942 0008 8D40     	 lsl r5,r5,r1
 1943 000a 8A40     	 lsl r2,r2,r1
 1944 000c 6400     	 lsl r4,r4,#1
 1945 000e 0359     	 ldr r3,[r0,r4]
 1946              	 
 1947 0010 AB43     	 bic r3,r5
 1948 0012 1343     	 orr r3,r2
 1949 0014 0351     	 str r3,[r0,r4]
 1950 0016 30BD     	 pop {r4,r5,pc}
 1952              	 .section .text.XMC_VADC_GROUP_ChannelTriggerEventGenCriteria,"ax",%progbits
 1953              	 .align 1
 1954              	 .global XMC_VADC_GROUP_ChannelTriggerEventGenCriteria
 1955              	 .code 16
 1956              	 .thumb_func
 1958              	XMC_VADC_GROUP_ChannelTriggerEventGenCriteria:
 1959 0000 8900     	 lsl r1,r1,#2
 1960 0002 4118     	 add r1,r0,r1
 1961 0004 8020     	 mov r0,#128
 1962 0006 10B5     	 push {r4,lr}
 1963 0008 8000     	 lsl r0,r0,#2
 1964 000a 0C58     	 ldr r4,[r1,r0]
 1965 000c 024B     	 ldr r3,.L237
 1966 000e 1202     	 lsl r2,r2,#8
 1967 0010 2340     	 and r3,r4
 1968 0012 1A43     	 orr r2,r3
 1969 0014 0A50     	 str r2,[r1,r0]
 1970              	 
 1971 0016 10BD     	 pop {r4,pc}
 1972              	.L238:
 1973              	 .align 2
 1974              	.L237:
 1975 0018 FFFCFFFF 	 .word -769
 1977              	 .section .text.XMC_VADC_GROUP_ChannelSetBoundarySelection,"ax",%progbits
 1978              	 .align 1
 1979              	 .global XMC_VADC_GROUP_ChannelSetBoundarySelection
 1980              	 .code 16
 1981              	 .thumb_func
 1983              	XMC_VADC_GROUP_ChannelSetBoundarySelection:
 1984 0000 30B5     	 push {r4,r5,lr}
 1985 0002 3025     	 mov r5,#48
 1986 0004 9540     	 lsl r5,r5,r2
 1987 0006 0432     	 add r2,r2,#4
 1988 0008 9340     	 lsl r3,r3,r2
 1989 000a 8900     	 lsl r1,r1,#2
 1990 000c 4118     	 add r1,r0,r1
 1991 000e 8020     	 mov r0,#128
 1992 0010 1A1C     	 mov r2,r3
 1993 0012 8000     	 lsl r0,r0,#2
 1994 0014 0C58     	 ldr r4,[r1,r0]
 1995              	 
 1996 0016 AC43     	 bic r4,r5
 1997 0018 0C50     	 str r4,[r1,r0]
 1998 001a 0C58     	 ldr r4,[r1,r0]
 1999 001c 2243     	 orr r2,r4
 2000 001e 0A50     	 str r2,[r1,r0]
 2001 0020 30BD     	 pop {r4,r5,pc}
 2003              	 .section .text.XMC_VADC_GROUP_AddResultToFifo,"ax",%progbits
 2004              	 .align 1
 2005              	 .global XMC_VADC_GROUP_AddResultToFifo
 2006              	 .code 16
 2007              	 .thumb_func
 2009              	XMC_VADC_GROUP_AddResultToFifo:
 2010 0000 A022     	 mov r2,#160
 2011 0002 8900     	 lsl r1,r1,#2
 2012 0004 4118     	 add r1,r0,r1
 2013 0006 9200     	 lsl r2,r2,#2
 2014 0008 8858     	 ldr r0,[r1,r2]
 2015 000a 034B     	 ldr r3,.L241
 2016              	 
 2017 000c 0340     	 and r3,r0
 2018 000e 8020     	 mov r0,#128
 2019 0010 8004     	 lsl r0,r0,#18
 2020 0012 0343     	 orr r3,r0
 2021 0014 8B50     	 str r3,[r1,r2]
 2022 0016 7047     	 bx lr
 2023              	.L242:
 2024              	 .align 2
 2025              	.L241:
 2026 0018 FFFFFFF9 	 .word -100663297
 2028              	 .section .text.XMC_VADC_GROUP_SetResultFastCompareValue,"ax",%progbits
 2029              	 .align 1
 2030              	 .global XMC_VADC_GROUP_SetResultFastCompareValue
 2031              	 .code 16
 2032              	 .thumb_func
 2034              	XMC_VADC_GROUP_SetResultFastCompareValue:
 2035 0000 8900     	 lsl r1,r1,#2
 2036 0002 4118     	 add r1,r0,r1
 2037 0004 C020     	 mov r0,#192
 2038 0006 8000     	 lsl r0,r0,#2
 2039 0008 0B58     	 ldr r3,[r1,r0]
 2040 000a 9200     	 lsl r2,r2,#2
 2041 000c 1B0C     	 lsr r3,r3,#16
 2042 000e 1B04     	 lsl r3,r3,#16
 2043 0010 1A43     	 orr r2,r3
 2044 0012 0A50     	 str r2,[r1,r0]
 2045              	 
 2046 0014 7047     	 bx lr
 2048              	 .section .text.XMC_VADC_GROUP_GetFastCompareResult,"ax",%progbits
 2049              	 .align 1
 2050              	 .global XMC_VADC_GROUP_GetFastCompareResult
 2051              	 .code 16
 2052              	 .thumb_func
 2054              	XMC_VADC_GROUP_GetFastCompareResult:
 2055 0000 C031     	 add r1,r1,#192
 2056 0002 8900     	 lsl r1,r1,#2
 2057 0004 0B58     	 ldr r3,[r1,r0]
 2058 0006 0220     	 mov r0,#2
 2059 0008 002B     	 cmp r3,#0
 2060 000a 01DA     	 bge .L245
 2061 000c 5B00     	 lsl r3,r3,#1
 2062 000e D80F     	 lsr r0,r3,#31
 2063              	.L245:
 2064              	 
 2065 0010 7047     	 bx lr
 2067              	 .section .text.XMC_VADC_GROUP_SetResultInterruptNode,"ax",%progbits
 2068              	 .align 1
 2069              	 .global XMC_VADC_GROUP_SetResultInterruptNode
 2070              	 .code 16
 2071              	 .thumb_func
 2073              	XMC_VADC_GROUP_SetResultInterruptNode:
 2074 0000 30B5     	 push {r4,r5,lr}
 2075 0002 0729     	 cmp r1,#7
 2076 0004 03D8     	 bhi .L248
 2077 0006 D824     	 mov r4,#216
 2078 0008 6400     	 lsl r4,r4,#1
 2079 000a 0359     	 ldr r3,[r0,r4]
 2080 000c 04E0     	 b .L250
 2081              	.L248:
 2082 000e DA24     	 mov r4,#218
 2083 0010 064D     	 ldr r5,.L251
 2084 0012 6400     	 lsl r4,r4,#1
 2085 0014 0359     	 ldr r3,[r0,r4]
 2086 0016 4919     	 add r1,r1,r5
 2087              	.L250:
 2088 0018 8900     	 lsl r1,r1,#2
 2089 001a 0F25     	 mov r5,#15
 2090 001c 8A40     	 lsl r2,r2,r1
 2091 001e 8D40     	 lsl r5,r5,r1
 2092 0020 111C     	 mov r1,r2
 2093 0022 AB43     	 bic r3,r5
 2094 0024 1943     	 orr r1,r3
 2095 0026 0151     	 str r1,[r0,r4]
 2096              	 
 2097 0028 30BD     	 pop {r4,r5,pc}
 2098              	.L252:
 2099 002a C046     	 .align 2
 2100              	.L251:
 2101 002c F8FFFF3F 	 .word 1073741816
 2103              	 .section .text.XMC_VADC_GROUP_IsResultRegisterFifoHead,"ax",%progbits
 2104              	 .align 1
 2105              	 .global XMC_VADC_GROUP_IsResultRegisterFifoHead
 2106              	 .code 16
 2107              	 .thumb_func
 2109              	XMC_VADC_GROUP_IsResultRegisterFifoHead:
 2110 0000 A023     	 mov r3,#160
 2111 0002 8900     	 lsl r1,r1,#2
 2112 0004 4118     	 add r1,r0,r1
 2113 0006 9B00     	 lsl r3,r3,#2
 2114 0008 10B5     	 push {r4,lr}
 2115 000a CC58     	 ldr r4,[r1,r3]
 2116 000c 043B     	 sub r3,r3,#4
 2117 000e CA58     	 ldr r2,[r1,r3]
 2118 0010 C023     	 mov r3,#192
 2119 0012 DB04     	 lsl r3,r3,#19
 2120 0014 0020     	 mov r0,#0
 2121 0016 1C42     	 tst r4,r3
 2122 0018 03D1     	 bne .L254
 2123 001a 1340     	 and r3,r2
 2124 001c 581E     	 sub r0,r3,#1
 2125 001e 8341     	 sbc r3,r3,r0
 2126 0020 D8B2     	 uxtb r0,r3
 2127              	.L254:
 2128              	 
 2129 0022 10BD     	 pop {r4,pc}
 2131              	 .section .text.XMC_VADC_GROUP_GetResultFifoTail,"ax",%progbits
 2132              	 .align 1
 2133              	 .global XMC_VADC_GROUP_GetResultFifoTail
 2134              	 .code 16
 2135              	 .thumb_func
 2137              	XMC_VADC_GROUP_GetResultFifoTail:
 2138 0000 38B5     	 push {r3,r4,r5,lr}
 2139 0002 0C1C     	 mov r4,r1
 2140 0004 051C     	 mov r5,r0
 2141 0006 FFF7FEFF 	 bl XMC_VADC_GROUP_IsResultRegisterFifoHead
 2142 000a 431E     	 sub r3,r0,#1
 2143 000c 9841     	 sbc r0,r0,r3
 2144 000e 241A     	 sub r4,r4,r0
 2145 0010 0020     	 mov r0,#0
 2146 0012 8442     	 cmp r4,r0
 2147 0014 11D0     	 beq .L268
 2148 0016 201C     	 mov r0,r4
 2149              	.L259:
 2150 0018 0028     	 cmp r0,#0
 2151 001a 0DDB     	 blt .L271
 2152 001c 031C     	 mov r3,r0
 2153 001e A033     	 add r3,r3,#160
 2154 0020 9B00     	 lsl r3,r3,#2
 2155 0022 5A59     	 ldr r2,[r3,r5]
 2156 0024 C023     	 mov r3,#192
 2157 0026 DB04     	 lsl r3,r3,#19
 2158 0028 1A42     	 tst r2,r3
 2159 002a 03D0     	 beq .L260
 2160 002c 0028     	 cmp r0,#0
 2161 002e 04D0     	 beq .L268
 2162 0030 0138     	 sub r0,r0,#1
 2163 0032 F1E7     	 b .L259
 2164              	.L260:
 2165 0034 0130     	 add r0,r0,#1
 2166 0036 00E0     	 b .L268
 2167              	.L271:
 2168 0038 0020     	 mov r0,#0
 2169              	.L268:
 2170              	 
 2171 003a 38BD     	 pop {r3,r4,r5,pc}
 2173              	 .section .text.XMC_VADC_GROUP_GetResultFifoHead,"ax",%progbits
 2174              	 .align 1
 2175              	 .global XMC_VADC_GROUP_GetResultFifoHead
 2176              	 .code 16
 2177              	 .thumb_func
 2179              	XMC_VADC_GROUP_GetResultFifoHead:
 2180 0000 38B5     	 push {r3,r4,r5,lr}
 2181 0002 0C1C     	 mov r4,r1
 2182 0004 051C     	 mov r5,r0
 2183 0006 FFF7FEFF 	 bl XMC_VADC_GROUP_IsResultRegisterFifoHead
 2184 000a 211C     	 mov r1,r4
 2185 000c 0028     	 cmp r0,#0
 2186 000e 0CD1     	 bne .L273
 2187              	.L274:
 2188 0010 0F29     	 cmp r1,#15
 2189 0012 09D8     	 bhi .L280
 2190 0014 0B1C     	 mov r3,r1
 2191 0016 A033     	 add r3,r3,#160
 2192 0018 9B00     	 lsl r3,r3,#2
 2193 001a 5A59     	 ldr r2,[r3,r5]
 2194 001c C023     	 mov r3,#192
 2195 001e DB04     	 lsl r3,r3,#19
 2196 0020 1A42     	 tst r2,r3
 2197 0022 02D0     	 beq .L273
 2198 0024 0131     	 add r1,r1,#1
 2199 0026 F3E7     	 b .L274
 2200              	.L280:
 2201 0028 0F21     	 mov r1,#15
 2202              	.L273:
 2203 002a 081C     	 mov r0,r1
 2204              	 
 2205 002c 38BD     	 pop {r3,r4,r5,pc}
 2207              	 .ident "GCC: (GNU Tools for ARM Embedded Processors) 4.9.3 20141119 (release) [ARM/embedded-4_9-branch revision 218278]"
DEFINED SYMBOLS
                            *ABS*:00000000 xmc_vadc.c
    {standard input}:15     .text.XMC_VADC_GLOBAL_EnableModule:00000000 $t
    {standard input}:20     .text.XMC_VADC_GLOBAL_EnableModule:00000000 XMC_VADC_GLOBAL_EnableModule
    {standard input}:32     .text.XMC_VADC_GLOBAL_EnableModule:00000010 $d
    {standard input}:35     .text.XMC_VADC_GLOBAL_DisableModule:00000000 $t
    {standard input}:40     .text.XMC_VADC_GLOBAL_DisableModule:00000000 XMC_VADC_GLOBAL_DisableModule
    {standard input}:48     .text.XMC_VADC_GLOBAL_Init:00000000 $t
    {standard input}:53     .text.XMC_VADC_GLOBAL_Init:00000000 XMC_VADC_GLOBAL_Init
    {standard input}:83     .text.XMC_VADC_GLOBAL_InputClassInit:00000000 $t
    {standard input}:88     .text.XMC_VADC_GLOBAL_InputClassInit:00000000 XMC_VADC_GLOBAL_InputClassInit
    {standard input}:105    .text.XMC_VADC_GLOBAL_InputClassInit:00000014 $d
    {standard input}:109    .text.XMC_VADC_GLOBAL_StartupCalibration:00000000 $t
    {standard input}:114    .text.XMC_VADC_GLOBAL_StartupCalibration:00000000 XMC_VADC_GLOBAL_StartupCalibration
    {standard input}:146    .text.XMC_VADC_GLOBAL_StartupCalibration:00000030 $d
    {standard input}:150    .text.XMC_VADC_GLOBAL_SetBoundaries:00000000 $t
    {standard input}:155    .text.XMC_VADC_GLOBAL_SetBoundaries:00000000 XMC_VADC_GLOBAL_SetBoundaries
    {standard input}:164    .text.XMC_VADC_GLOBAL_SetCompareValue:00000000 $t
    {standard input}:169    .text.XMC_VADC_GLOBAL_SetCompareValue:00000000 XMC_VADC_GLOBAL_SetCompareValue
    {standard input}:184    .text.XMC_VADC_GLOBAL_GetCompareResult:00000000 $t
    {standard input}:189    .text.XMC_VADC_GLOBAL_GetCompareResult:00000000 XMC_VADC_GLOBAL_GetCompareResult
    {standard input}:203    .text.XMC_VADC_GLOBAL_BindGroupToEMux:00000000 $t
    {standard input}:208    .text.XMC_VADC_GLOBAL_BindGroupToEMux:00000000 XMC_VADC_GLOBAL_BindGroupToEMux
    {standard input}:230    .text.XMC_VADC_GLOBAL_SetResultEventInterruptNode:00000000 $t
    {standard input}:235    .text.XMC_VADC_GLOBAL_SetResultEventInterruptNode:00000000 XMC_VADC_GLOBAL_SetResultEventInterruptNode
    {standard input}:254    .text.XMC_VADC_GLOBAL_SetResultEventInterruptNode:0000001c $d
    {standard input}:257    .text.XMC_VADC_GLOBAL_BackgroundSetReqSrcEventInterruptNode:00000000 $t
    {standard input}:262    .text.XMC_VADC_GLOBAL_BackgroundSetReqSrcEventInterruptNode:00000000 XMC_VADC_GLOBAL_BackgroundSetReqSrcEventInterruptNode
    {standard input}:279    .text.XMC_VADC_GROUP_InputClassInit:00000000 $t
    {standard input}:284    .text.XMC_VADC_GROUP_InputClassInit:00000000 XMC_VADC_GROUP_InputClassInit
    {standard input}:324    .text.XMC_VADC_GROUP_Init:00000000 $t
    {standard input}:329    .text.XMC_VADC_GROUP_Init:00000000 XMC_VADC_GROUP_Init
    {standard input}:394    .text.XMC_VADC_GROUP_SetPowerMode:00000000 $t
    {standard input}:399    .text.XMC_VADC_GROUP_SetPowerMode:00000000 XMC_VADC_GROUP_SetPowerMode
    {standard input}:410    .text.XMC_VADC_GROUP_SetSyncSlave:00000000 $t
    {standard input}:415    .text.XMC_VADC_GROUP_SetSyncSlave:00000000 XMC_VADC_GROUP_SetSyncSlave
    {standard input}:430    .text.XMC_VADC_GROUP_SetSyncMaster:00000000 $t
    {standard input}:435    .text.XMC_VADC_GROUP_SetSyncMaster:00000000 XMC_VADC_GROUP_SetSyncMaster
    {standard input}:445    .text.XMC_VADC_GROUP_CheckSlaveReadiness:00000000 $t
    {standard input}:450    .text.XMC_VADC_GROUP_CheckSlaveReadiness:00000000 XMC_VADC_GROUP_CheckSlaveReadiness
    {standard input}:460    .text.XMC_VADC_GROUP_IgnoreSlaveReadiness:00000000 $t
    {standard input}:465    .text.XMC_VADC_GROUP_IgnoreSlaveReadiness:00000000 XMC_VADC_GROUP_IgnoreSlaveReadiness
    {standard input}:475    .text.XMC_VADC_GROUP_EnableChannelSyncRequest:00000000 $t
    {standard input}:480    .text.XMC_VADC_GROUP_EnableChannelSyncRequest:00000000 XMC_VADC_GROUP_EnableChannelSyncRequest
    {standard input}:500    .text.XMC_VADC_GROUP_DisableChannelSyncRequest:00000000 $t
    {standard input}:505    .text.XMC_VADC_GROUP_DisableChannelSyncRequest:00000000 XMC_VADC_GROUP_DisableChannelSyncRequest
    {standard input}:525    .text.XMC_VADC_GROUP_DisableChannelSyncRequest:0000001c $d
    {standard input}:528    .text.XMC_VADC_GROUP_IsConverterBusy:00000000 $t
    {standard input}:533    .text.XMC_VADC_GROUP_IsConverterBusy:00000000 XMC_VADC_GROUP_IsConverterBusy
    {standard input}:542    .text.XMC_VADC_GROUP_SetBoundaries:00000000 $t
    {standard input}:547    .text.XMC_VADC_GROUP_SetBoundaries:00000000 XMC_VADC_GROUP_SetBoundaries
    {standard input}:562    .text.XMC_VADC_GROUP_SetBoundaries:00000014 $d
    {standard input}:565    .text.XMC_VADC_GROUP_TriggerServiceRequest:00000000 $t
    {standard input}:570    .text.XMC_VADC_GROUP_TriggerServiceRequest:00000000 XMC_VADC_GROUP_TriggerServiceRequest
    {standard input}:589    .text.XMC_VADC_GROUP_SetBoundaryEventInterruptNode:00000000 $t
    {standard input}:594    .text.XMC_VADC_GROUP_SetBoundaryEventInterruptNode:00000000 XMC_VADC_GROUP_SetBoundaryEventInterruptNode
    {standard input}:612    .text.XMC_VADC_GLOBAL_SHS_Init:00000000 $t
    {standard input}:617    .text.XMC_VADC_GLOBAL_SHS_Init:00000000 XMC_VADC_GLOBAL_SHS_Init
    {standard input}:636    .text.XMC_VADC_GLOBAL_SHS_EnableAcceleratedMode:00000000 $t
    {standard input}:641    .text.XMC_VADC_GLOBAL_SHS_EnableAcceleratedMode:00000000 XMC_VADC_GLOBAL_SHS_EnableAcceleratedMode
    {standard input}:662    .text.XMC_VADC_GLOBAL_SHS_DisableAcceleratedMode:00000000 $t
    {standard input}:667    .text.XMC_VADC_GLOBAL_SHS_DisableAcceleratedMode:00000000 XMC_VADC_GLOBAL_SHS_DisableAcceleratedMode
    {standard input}:688    .text.XMC_VADC_GLOBAL_SHS_SetShortSampleTime:00000000 $t
    {standard input}:693    .text.XMC_VADC_GLOBAL_SHS_SetShortSampleTime:00000000 XMC_VADC_GLOBAL_SHS_SetShortSampleTime
    {standard input}:717    .text.XMC_VADC_GLOBAL_SHS_SetShortSampleTime:00000020 $d
    {standard input}:720    .text.XMC_VADC_GLOBAL_SHS_SetGainFactor:00000000 $t
    {standard input}:725    .text.XMC_VADC_GLOBAL_SHS_SetGainFactor:00000000 XMC_VADC_GLOBAL_SHS_SetGainFactor
    {standard input}:753    .text.XMC_VADC_GLOBAL_SHS_EnableGainAndOffsetCalibrations:00000000 $t
    {standard input}:758    .text.XMC_VADC_GLOBAL_SHS_EnableGainAndOffsetCalibrations:00000000 XMC_VADC_GLOBAL_SHS_EnableGainAndOffsetCalibrations
    {standard input}:777    .text.XMC_VADC_GLOBAL_SHS_DisableGainAndOffsetCalibrations:00000000 $t
    {standard input}:782    .text.XMC_VADC_GLOBAL_SHS_DisableGainAndOffsetCalibrations:00000000 XMC_VADC_GLOBAL_SHS_DisableGainAndOffsetCalibrations
    {standard input}:802    .text.XMC_VADC_GLOBAL_SHS_GetOffsetCalibrationValue:00000000 $t
    {standard input}:807    .text.XMC_VADC_GLOBAL_SHS_GetOffsetCalibrationValue:00000000 XMC_VADC_GLOBAL_SHS_GetOffsetCalibrationValue
    {standard input}:829    .text.XMC_VADC_GLOBAL_SHS_SetOffsetCalibrationValue:00000000 $t
    {standard input}:834    .text.XMC_VADC_GLOBAL_SHS_SetOffsetCalibrationValue:00000000 XMC_VADC_GLOBAL_SHS_SetOffsetCalibrationValue
    {standard input}:878    .text.XMC_VADC_GLOBAL_SHS_SetSigmaDeltaLoop:00000000 $t
    {standard input}:883    .text.XMC_VADC_GLOBAL_SHS_SetSigmaDeltaLoop:00000000 XMC_VADC_GLOBAL_SHS_SetSigmaDeltaLoop
    {standard input}:901    .text.XMC_VADC_GLOBAL_SHS_SetSigmaDeltaLoop:0000001c $d
    {standard input}:904    .text.XMC_VADC_GROUP_ScanInit:00000000 $t
    {standard input}:909    .text.XMC_VADC_GROUP_ScanInit:00000000 XMC_VADC_GROUP_ScanInit
    {standard input}:960    .text.XMC_VADC_GROUP_ScanInit:00000058 $d
    {standard input}:964    .text.XMC_VADC_GROUP_ScanSelectTrigger:00000000 $t
    {standard input}:969    .text.XMC_VADC_GROUP_ScanSelectTrigger:00000000 XMC_VADC_GROUP_ScanSelectTrigger
    {standard input}:985    .text.XMC_VADC_GROUP_ScanSelectTrigger:00000018 $d
    {standard input}:988    .text.XMC_VADC_GROUP_ScanSelectTriggerEdge:00000000 $t
    {standard input}:993    .text.XMC_VADC_GROUP_ScanSelectTriggerEdge:00000000 XMC_VADC_GROUP_ScanSelectTriggerEdge
    {standard input}:1009   .text.XMC_VADC_GROUP_ScanSelectTriggerEdge:00000018 $d
    {standard input}:1012   .text.XMC_VADC_GROUP_ScanSelectGating:00000000 $t
    {standard input}:1017   .text.XMC_VADC_GROUP_ScanSelectGating:00000000 XMC_VADC_GROUP_ScanSelectGating
    {standard input}:1033   .text.XMC_VADC_GROUP_ScanSelectGating:00000018 $d
    {standard input}:1036   .text.XMC_VADC_GROUP_ScanSequenceAbort:00000000 $t
    {standard input}:1041   .text.XMC_VADC_GROUP_ScanSequenceAbort:00000000 XMC_VADC_GROUP_ScanSequenceAbort
    {standard input}:1076   .text.XMC_VADC_GROUP_ScanSequenceAbort:0000003c $d
    {standard input}:1080   .text.XMC_VADC_GROUP_ScanGetNumChannelsPending:00000000 $t
    {standard input}:1085   .text.XMC_VADC_GROUP_ScanGetNumChannelsPending:00000000 XMC_VADC_GROUP_ScanGetNumChannelsPending
    {standard input}:1107   .text.XMC_VADC_GROUP_ScanSetReqSrcEventInterruptNode:00000000 $t
    {standard input}:1112   .text.XMC_VADC_GROUP_ScanSetReqSrcEventInterruptNode:00000000 XMC_VADC_GROUP_ScanSetReqSrcEventInterruptNode
    {standard input}:1126   .text.XMC_VADC_GLOBAL_BackgroundInit:00000000 $t
    {standard input}:1131   .text.XMC_VADC_GLOBAL_BackgroundInit:00000000 XMC_VADC_GLOBAL_BackgroundInit
    {standard input}:1200   .text.XMC_VADC_GLOBAL_BackgroundInit:00000080 $d
    {standard input}:1207   .text.XMC_VADC_GLOBAL_BackgroundSelectTrigger:00000000 $t
    {standard input}:1212   .text.XMC_VADC_GLOBAL_BackgroundSelectTrigger:00000000 XMC_VADC_GLOBAL_BackgroundSelectTrigger
    {standard input}:1230   .text.XMC_VADC_GLOBAL_BackgroundSelectTrigger:0000001c $d
    {standard input}:1233   .text.XMC_VADC_GLOBAL_BackgroundSelectTriggerEdge:00000000 $t
    {standard input}:1238   .text.XMC_VADC_GLOBAL_BackgroundSelectTriggerEdge:00000000 XMC_VADC_GLOBAL_BackgroundSelectTriggerEdge
    {standard input}:1256   .text.XMC_VADC_GLOBAL_BackgroundSelectTriggerEdge:0000001c $d
    {standard input}:1259   .text.XMC_VADC_GLOBAL_BackgroundSelectGating:00000000 $t
    {standard input}:1264   .text.XMC_VADC_GLOBAL_BackgroundSelectGating:00000000 XMC_VADC_GLOBAL_BackgroundSelectGating
    {standard input}:1282   .text.XMC_VADC_GLOBAL_BackgroundSelectGating:0000001c $d
    {standard input}:1285   .text.XMC_VADC_GLOBAL_BackgroundAbortSequence:00000000 $t
    {standard input}:1290   .text.XMC_VADC_GLOBAL_BackgroundAbortSequence:00000000 XMC_VADC_GLOBAL_BackgroundAbortSequence
    {standard input}:1345   .text.XMC_VADC_GLOBAL_BackgroundAbortSequence:00000060 $d
    {standard input}:1351   .text.XMC_VADC_GLOBAL_BackgroundGetNumChannelsPending:00000000 $t
    {standard input}:1356   .text.XMC_VADC_GLOBAL_BackgroundGetNumChannelsPending:00000000 XMC_VADC_GLOBAL_BackgroundGetNumChannelsPending
    {standard input}:1391   .text.XMC_VADC_GROUP_QueueInit:00000000 $t
    {standard input}:1396   .text.XMC_VADC_GROUP_QueueInit:00000000 XMC_VADC_GROUP_QueueInit
    {standard input}:1446   .text.XMC_VADC_GROUP_QueueInit:00000058 $d
    {standard input}:1450   .text.XMC_VADC_GROUP_QueueSelectTrigger:00000000 $t
    {standard input}:1455   .text.XMC_VADC_GROUP_QueueSelectTrigger:00000000 XMC_VADC_GROUP_QueueSelectTrigger
    {standard input}:1471   .text.XMC_VADC_GROUP_QueueSelectTrigger:00000018 $d
    {standard input}:1474   .text.XMC_VADC_GROUP_QueueSelectTriggerEdge:00000000 $t
    {standard input}:1479   .text.XMC_VADC_GROUP_QueueSelectTriggerEdge:00000000 XMC_VADC_GROUP_QueueSelectTriggerEdge
    {standard input}:1495   .text.XMC_VADC_GROUP_QueueSelectTriggerEdge:00000018 $d
    {standard input}:1498   .text.XMC_VADC_GROUP_QueueSelectGating:00000000 $t
    {standard input}:1503   .text.XMC_VADC_GROUP_QueueSelectGating:00000000 XMC_VADC_GROUP_QueueSelectGating
    {standard input}:1519   .text.XMC_VADC_GROUP_QueueSelectGating:00000018 $d
    {standard input}:1522   .text.XMC_VADC_GROUP_QueueGetLength:00000000 $t
    {standard input}:1527   .text.XMC_VADC_GROUP_QueueGetLength:00000000 XMC_VADC_GROUP_QueueGetLength
    {standard input}:1547   .text.XMC_VADC_GROUP_QueueAbortSequence:00000000 $t
    {standard input}:1552   .text.XMC_VADC_GROUP_QueueAbortSequence:00000000 XMC_VADC_GROUP_QueueAbortSequence
    {standard input}:1587   .text.XMC_VADC_GROUP_QueueAbortSequence:0000003c $d
    {standard input}:1591   .text.XMC_VADC_GROUP_QueueRemoveChannel:00000000 $t
    {standard input}:1596   .text.XMC_VADC_GROUP_QueueRemoveChannel:00000000 XMC_VADC_GROUP_QueueRemoveChannel
    {standard input}:1649   .text.XMC_VADC_GROUP_QueueRemoveChannel:00000060 $d
    {standard input}:1653   .text.XMC_VADC_GROUP_QueueGetNextChannel:00000000 $t
    {standard input}:1658   .text.XMC_VADC_GROUP_QueueGetNextChannel:00000000 XMC_VADC_GROUP_QueueGetNextChannel
    {standard input}:1684   .text.XMC_VADC_GROUP_QueueGetInterruptedChannel:00000000 $t
    {standard input}:1689   .text.XMC_VADC_GROUP_QueueGetInterruptedChannel:00000000 XMC_VADC_GROUP_QueueGetInterruptedChannel
    {standard input}:1706   .text.XMC_VADC_GROUP_QueueSetReqSrcEventInterruptNode:00000000 $t
    {standard input}:1711   .text.XMC_VADC_GROUP_QueueSetReqSrcEventInterruptNode:00000000 XMC_VADC_GROUP_QueueSetReqSrcEventInterruptNode
    {standard input}:1724   .text.XMC_VADC_GROUP_ChannelInit:00000000 $t
    {standard input}:1729   .text.XMC_VADC_GROUP_ChannelInit:00000000 XMC_VADC_GROUP_ChannelInit
    {standard input}:1790   .text.XMC_VADC_GROUP_ChannelInit:0000006c $d
    {standard input}:1793   .text.XMC_VADC_GROUP_SetChannelAlias:00000000 $t
    {standard input}:1798   .text.XMC_VADC_GROUP_SetChannelAlias:00000000 XMC_VADC_GROUP_SetChannelAlias
    {standard input}:1817   .text.XMC_VADC_GROUP_ChannelIsResultOutOfBounds:00000000 $t
    {standard input}:1822   .text.XMC_VADC_GROUP_ChannelIsResultOutOfBounds:00000000 XMC_VADC_GROUP_ChannelIsResultOutOfBounds
    {standard input}:1848   .text.XMC_VADC_GROUP_ChannelSetInputReference:00000000 $t
    {standard input}:1853   .text.XMC_VADC_GROUP_ChannelSetInputReference:00000000 XMC_VADC_GROUP_ChannelSetInputReference
    {standard input}:1870   .text.XMC_VADC_GROUP_ChannelSetInputReference:00000018 $d
    {standard input}:1873   .text.XMC_VADC_GROUP_ChannelSetResultRegister:00000000 $t
    {standard input}:1878   .text.XMC_VADC_GROUP_ChannelSetResultRegister:00000000 XMC_VADC_GROUP_ChannelSetResultRegister
    {standard input}:1895   .text.XMC_VADC_GROUP_ChannelSetResultRegister:00000018 $d
    {standard input}:1898   .text.XMC_VADC_GROUP_ChannelGetResultRegister:00000000 $t
    {standard input}:1903   .text.XMC_VADC_GROUP_ChannelGetResultRegister:00000000 XMC_VADC_GROUP_ChannelGetResultRegister
    {standard input}:1913   .text.XMC_VADC_GROUP_ChannelTriggerEvent:00000000 $t
    {standard input}:1918   .text.XMC_VADC_GROUP_ChannelTriggerEvent:00000000 XMC_VADC_GROUP_ChannelTriggerEvent
    {standard input}:1932   .text.XMC_VADC_GROUP_ChannelSetEventInterruptNode:00000000 $t
    {standard input}:1937   .text.XMC_VADC_GROUP_ChannelSetEventInterruptNode:00000000 XMC_VADC_GROUP_ChannelSetEventInterruptNode
    {standard input}:1953   .text.XMC_VADC_GROUP_ChannelTriggerEventGenCriteria:00000000 $t
    {standard input}:1958   .text.XMC_VADC_GROUP_ChannelTriggerEventGenCriteria:00000000 XMC_VADC_GROUP_ChannelTriggerEventGenCriteria
    {standard input}:1975   .text.XMC_VADC_GROUP_ChannelTriggerEventGenCriteria:00000018 $d
    {standard input}:1978   .text.XMC_VADC_GROUP_ChannelSetBoundarySelection:00000000 $t
    {standard input}:1983   .text.XMC_VADC_GROUP_ChannelSetBoundarySelection:00000000 XMC_VADC_GROUP_ChannelSetBoundarySelection
    {standard input}:2004   .text.XMC_VADC_GROUP_AddResultToFifo:00000000 $t
    {standard input}:2009   .text.XMC_VADC_GROUP_AddResultToFifo:00000000 XMC_VADC_GROUP_AddResultToFifo
    {standard input}:2026   .text.XMC_VADC_GROUP_AddResultToFifo:00000018 $d
    {standard input}:2029   .text.XMC_VADC_GROUP_SetResultFastCompareValue:00000000 $t
    {standard input}:2034   .text.XMC_VADC_GROUP_SetResultFastCompareValue:00000000 XMC_VADC_GROUP_SetResultFastCompareValue
    {standard input}:2049   .text.XMC_VADC_GROUP_GetFastCompareResult:00000000 $t
    {standard input}:2054   .text.XMC_VADC_GROUP_GetFastCompareResult:00000000 XMC_VADC_GROUP_GetFastCompareResult
    {standard input}:2068   .text.XMC_VADC_GROUP_SetResultInterruptNode:00000000 $t
    {standard input}:2073   .text.XMC_VADC_GROUP_SetResultInterruptNode:00000000 XMC_VADC_GROUP_SetResultInterruptNode
    {standard input}:2101   .text.XMC_VADC_GROUP_SetResultInterruptNode:0000002c $d
    {standard input}:2104   .text.XMC_VADC_GROUP_IsResultRegisterFifoHead:00000000 $t
    {standard input}:2109   .text.XMC_VADC_GROUP_IsResultRegisterFifoHead:00000000 XMC_VADC_GROUP_IsResultRegisterFifoHead
    {standard input}:2132   .text.XMC_VADC_GROUP_GetResultFifoTail:00000000 $t
    {standard input}:2137   .text.XMC_VADC_GROUP_GetResultFifoTail:00000000 XMC_VADC_GROUP_GetResultFifoTail
    {standard input}:2174   .text.XMC_VADC_GROUP_GetResultFifoHead:00000000 $t
    {standard input}:2179   .text.XMC_VADC_GROUP_GetResultFifoHead:00000000 XMC_VADC_GROUP_GetResultFifoHead

UNDEFINED SYMBOLS
XMC_SCU_CLOCK_UngatePeripheralClock
XMC_SCU_CLOCK_GatePeripheralClock
