   1              	 .cpu cortex-m0
   2              	 .fpu softvfp
   3              	 .eabi_attribute 20,1
   4              	 .eabi_attribute 21,1
   5              	 .eabi_attribute 23,3
   6              	 .eabi_attribute 24,1
   7              	 .eabi_attribute 25,1
   8              	 .eabi_attribute 26,1
   9              	 .eabi_attribute 30,4
  10              	 .eabi_attribute 34,0
  11              	 .eabi_attribute 18,4
  12              	 .code 16
  13              	 .file "xmc_i2c.c"
  14              	 .section .text.XMC_I2C_CH_SetSlaveAddress,"ax",%progbits
  15              	 .align 1
  16              	 .global XMC_I2C_CH_SetSlaveAddress
  17              	 .code 16
  18              	 .thumb_func
  20              	XMC_I2C_CH_SetSlaveAddress:
  21 0000 CB0A     	 lsr r3,r1,#11
  22 0002 1E2B     	 cmp r3,#30
  23 0004 00D0     	 beq .L4
  24 0006 0902     	 lsl r1,r1,#8
  25              	.L4:
  26 0008 C163     	 str r1,[r0,#60]
  27              	 
  28 000a 7047     	 bx lr
  30              	 .section .text.XMC_I2C_CH_GetSlaveAddress,"ax",%progbits
  31              	 .align 1
  32              	 .global XMC_I2C_CH_GetSlaveAddress
  33              	 .code 16
  34              	 .thumb_func
  36              	XMC_I2C_CH_GetSlaveAddress:
  37 0000 F823     	 mov r3,#248
  38 0002 C16B     	 ldr r1,[r0,#60]
  39 0004 1B02     	 lsl r3,r3,#8
  40 0006 0A04     	 lsl r2,r1,#16
  41 0008 0B40     	 and r3,r1
  42 000a F021     	 mov r1,#240
  43 000c 100C     	 lsr r0,r2,#16
  44 000e 0902     	 lsl r1,r1,#8
  45 0010 8B42     	 cmp r3,r1
  46 0012 00D0     	 beq .L7
  47 0014 100E     	 lsr r0,r2,#24
  48              	.L7:
  49 0016 80B2     	 uxth r0,r0
  50              	 
  51 0018 7047     	 bx lr
  53              	 .section .text.XMC_I2C_CH_SetBaudrate,"ax",%progbits
  54              	 .align 1
  55              	 .global XMC_I2C_CH_SetBaudrate
  56              	 .code 16
  57              	 .thumb_func
  59              	XMC_I2C_CH_SetBaudrate:
  60 0000 08B5     	 push {r3,lr}
  61 0002 0A4B     	 ldr r3,.L13
  62 0004 0A22     	 mov r2,#10
  63 0006 9942     	 cmp r1,r3
  64 0008 09D9     	 bls .L12
  65 000a 094A     	 ldr r2,.L13+4
  66 000c 0123     	 mov r3,#1
  67 000e 9142     	 cmp r1,r2
  68 0010 0AD8     	 bhi .L10
  69 0012 8022     	 mov r2,#128
  70 0014 C36B     	 ldr r3,[r0,#60]
  71 0016 9202     	 lsl r2,r2,#10
  72 0018 1343     	 orr r3,r2
  73 001a 1922     	 mov r2,#25
  74 001c C363     	 str r3,[r0,#60]
  75              	.L12:
  76 001e FFF7FEFF 	 bl XMC_USIC_CH_SetBaudrate
  77 0022 431E     	 sub r3,r0,#1
  78 0024 9841     	 sbc r0,r0,r3
  79 0026 C3B2     	 uxtb r3,r0
  80              	.L10:
  81 0028 181C     	 mov r0,r3
  82              	 
  83 002a 08BD     	 pop {r3,pc}
  84              	.L14:
  85              	 .align 2
  86              	.L13:
  87 002c A0860100 	 .word 100000
  88 0030 801A0600 	 .word 400000
  90              	 .section .text.XMC_I2C_CH_Init,"ax",%progbits
  91              	 .align 1
  92              	 .global XMC_I2C_CH_Init
  93              	 .code 16
  94              	 .thumb_func
  96              	XMC_I2C_CH_Init:
  97 0000 38B5     	 push {r3,r4,r5,lr}
  98 0002 041C     	 mov r4,r0
  99 0004 0D1C     	 mov r5,r1
 100 0006 FFF7FEFF 	 bl XMC_USIC_CH_Enable
 101 000a 094B     	 ldr r3,.L16
 102 000c 201C     	 mov r0,r4
 103 000e 6363     	 str r3,[r4,#52]
 104 0010 A988     	 ldrh r1,[r5,#4]
 105 0012 FFF7FEFF 	 bl XMC_I2C_CH_SetSlaveAddress
 106 0016 2968     	 ldr r1,[r5]
 107 0018 201C     	 mov r0,r4
 108 001a FFF7FEFF 	 bl XMC_I2C_CH_SetBaudrate
 109 001e A023     	 mov r3,#160
 110 0020 DB00     	 lsl r3,r3,#3
 111 0022 A363     	 str r3,[r4,#56]
 112 0024 0123     	 mov r3,#1
 113 0026 5B42     	 neg r3,r3
 114 0028 E364     	 str r3,[r4,#76]
 115 002a 0023     	 mov r3,#0
 116              	 
 117 002c 2364     	 str r3,[r4,#64]
 118 002e 38BD     	 pop {r3,r4,r5,pc}
 119              	.L17:
 120              	 .align 2
 121              	.L16:
 122 0030 03033F07 	 .word 121570051
 124              	 .section .text.XMC_I2C_CH_MasterStart,"ax",%progbits
 125              	 .align 1
 126              	 .global XMC_I2C_CH_MasterStart
 127              	 .code 16
 128              	 .thumb_func
 130              	XMC_I2C_CH_MasterStart:
 131 0000 012A     	 cmp r2,#1
 132 0002 02D0     	 beq .L19
 133 0004 8023     	 mov r3,#128
 134 0006 DB00     	 lsl r3,r3,#3
 135 0008 00E0     	 b .L25
 136              	.L19:
 137 000a 0D4B     	 ldr r3,.L26
 138              	.L25:
 139 000c 1943     	 orr r1,r3
 140 000e 031C     	 mov r3,r0
 141 0010 FC33     	 add r3,r3,#252
 142 0012 DA68     	 ldr r2,[r3,#12]
 143 0014 E023     	 mov r3,#224
 144 0016 DB04     	 lsl r3,r3,#19
 145 0018 1A42     	 tst r2,r3
 146 001a 0DD1     	 bne .L21
 147              	.L22:
 148 001c 7F22     	 mov r2,#127
 149 001e 836B     	 ldr r3,[r0,#56]
 150 0020 9343     	 bic r3,r2
 151 0022 DBB2     	 uxtb r3,r3
 152 0024 802B     	 cmp r3,#128
 153 0026 F9D0     	 beq .L22
 154 0028 8022     	 mov r2,#128
 155 002a C36C     	 ldr r3,[r0,#76]
 156 002c 9201     	 lsl r2,r2,#6
 157 002e 1343     	 orr r3,r2
 158 0030 C364     	 str r3,[r0,#76]
 159 0032 0430     	 add r0,r0,#4
 160 0034 C167     	 str r1,[r0,#124]
 161 0036 02E0     	 b .L18
 162              	.L21:
 163 0038 C023     	 mov r3,#192
 164 003a 5B00     	 lsl r3,r3,#1
 165 003c C150     	 str r1,[r0,r3]
 166              	.L18:
 167              	 
 168 003e 7047     	 bx lr
 169              	.L27:
 170              	 .align 2
 171              	.L26:
 172 0040 01040000 	 .word 1025
 174              	 .section .text.XMC_I2C_CH_MasterRepeatedStart,"ax",%progbits
 175              	 .align 1
 176              	 .global XMC_I2C_CH_MasterRepeatedStart
 177              	 .code 16
 178              	 .thumb_func
 180              	XMC_I2C_CH_MasterRepeatedStart:
 181 0000 012A     	 cmp r2,#1
 182 0002 02D0     	 beq .L29
 183 0004 A023     	 mov r3,#160
 184 0006 DB00     	 lsl r3,r3,#3
 185 0008 00E0     	 b .L35
 186              	.L29:
 187 000a 0D4B     	 ldr r3,.L36
 188              	.L35:
 189 000c 1943     	 orr r1,r3
 190 000e 031C     	 mov r3,r0
 191 0010 FC33     	 add r3,r3,#252
 192 0012 DA68     	 ldr r2,[r3,#12]
 193 0014 E023     	 mov r3,#224
 194 0016 DB04     	 lsl r3,r3,#19
 195 0018 1A42     	 tst r2,r3
 196 001a 0DD1     	 bne .L31
 197              	.L32:
 198 001c 7F22     	 mov r2,#127
 199 001e 836B     	 ldr r3,[r0,#56]
 200 0020 9343     	 bic r3,r2
 201 0022 DBB2     	 uxtb r3,r3
 202 0024 802B     	 cmp r3,#128
 203 0026 F9D0     	 beq .L32
 204 0028 8022     	 mov r2,#128
 205 002a C36C     	 ldr r3,[r0,#76]
 206 002c 9201     	 lsl r2,r2,#6
 207 002e 1343     	 orr r3,r2
 208 0030 C364     	 str r3,[r0,#76]
 209 0032 0430     	 add r0,r0,#4
 210 0034 C167     	 str r1,[r0,#124]
 211 0036 02E0     	 b .L28
 212              	.L31:
 213 0038 C023     	 mov r3,#192
 214 003a 5B00     	 lsl r3,r3,#1
 215 003c C150     	 str r1,[r0,r3]
 216              	.L28:
 217              	 
 218 003e 7047     	 bx lr
 219              	.L37:
 220              	 .align 2
 221              	.L36:
 222 0040 01050000 	 .word 1281
 224              	 .section .text.XMC_I2C_CH_MasterStop,"ax",%progbits
 225              	 .align 1
 226              	 .global XMC_I2C_CH_MasterStop
 227              	 .code 16
 228              	 .thumb_func
 230              	XMC_I2C_CH_MasterStop:
 231 0000 031C     	 mov r3,r0
 232 0002 FC33     	 add r3,r3,#252
 233 0004 DA68     	 ldr r2,[r3,#12]
 234 0006 E023     	 mov r3,#224
 235 0008 DB04     	 lsl r3,r3,#19
 236 000a 1A42     	 tst r2,r3
 237 000c 0FD1     	 bne .L39
 238              	.L40:
 239 000e 7F22     	 mov r2,#127
 240 0010 836B     	 ldr r3,[r0,#56]
 241 0012 9343     	 bic r3,r2
 242 0014 DBB2     	 uxtb r3,r3
 243 0016 802B     	 cmp r3,#128
 244 0018 F9D0     	 beq .L40
 245 001a 8022     	 mov r2,#128
 246 001c C36C     	 ldr r3,[r0,#76]
 247 001e 9201     	 lsl r2,r2,#6
 248 0020 1343     	 orr r3,r2
 249 0022 C364     	 str r3,[r0,#76]
 250 0024 C023     	 mov r3,#192
 251 0026 0430     	 add r0,r0,#4
 252 0028 DB00     	 lsl r3,r3,#3
 253 002a C367     	 str r3,[r0,#124]
 254 002c 04E0     	 b .L38
 255              	.L39:
 256 002e C022     	 mov r2,#192
 257 0030 C023     	 mov r3,#192
 258 0032 D200     	 lsl r2,r2,#3
 259 0034 5B00     	 lsl r3,r3,#1
 260 0036 C250     	 str r2,[r0,r3]
 261              	.L38:
 262              	 
 263 0038 7047     	 bx lr
 265              	 .section .text.XMC_I2C_CH_MasterTransmit,"ax",%progbits
 266              	 .align 1
 267              	 .global XMC_I2C_CH_MasterTransmit
 268              	 .code 16
 269              	 .thumb_func
 271              	XMC_I2C_CH_MasterTransmit:
 272 0000 031C     	 mov r3,r0
 273 0002 FC33     	 add r3,r3,#252
 274 0004 DA68     	 ldr r2,[r3,#12]
 275 0006 E023     	 mov r3,#224
 276 0008 DB04     	 lsl r3,r3,#19
 277 000a 1A42     	 tst r2,r3
 278 000c 0DD1     	 bne .L44
 279              	.L45:
 280 000e 7F22     	 mov r2,#127
 281 0010 836B     	 ldr r3,[r0,#56]
 282 0012 9343     	 bic r3,r2
 283 0014 DBB2     	 uxtb r3,r3
 284 0016 802B     	 cmp r3,#128
 285 0018 F9D0     	 beq .L45
 286 001a 8022     	 mov r2,#128
 287 001c C36C     	 ldr r3,[r0,#76]
 288 001e 9201     	 lsl r2,r2,#6
 289 0020 1343     	 orr r3,r2
 290 0022 C364     	 str r3,[r0,#76]
 291 0024 0430     	 add r0,r0,#4
 292 0026 C167     	 str r1,[r0,#124]
 293 0028 02E0     	 b .L43
 294              	.L44:
 295 002a C023     	 mov r3,#192
 296 002c 5B00     	 lsl r3,r3,#1
 297 002e C150     	 str r1,[r0,r3]
 298              	.L43:
 299              	 
 300 0030 7047     	 bx lr
 302              	 .section .text.XMC_I2C_CH_SlaveTransmit,"ax",%progbits
 303              	 .align 1
 304              	 .global XMC_I2C_CH_SlaveTransmit
 305              	 .code 16
 306              	 .thumb_func
 308              	XMC_I2C_CH_SlaveTransmit:
 309 0000 031C     	 mov r3,r0
 310 0002 FC33     	 add r3,r3,#252
 311 0004 DA68     	 ldr r2,[r3,#12]
 312 0006 E023     	 mov r3,#224
 313 0008 DB04     	 lsl r3,r3,#19
 314 000a 1A42     	 tst r2,r3
 315 000c 10D1     	 bne .L49
 316              	.L50:
 317 000e 7F22     	 mov r2,#127
 318 0010 836B     	 ldr r3,[r0,#56]
 319 0012 9343     	 bic r3,r2
 320 0014 DBB2     	 uxtb r3,r3
 321 0016 802B     	 cmp r3,#128
 322 0018 F9D0     	 beq .L50
 323 001a 8022     	 mov r2,#128
 324 001c C36C     	 ldr r3,[r0,#76]
 325 001e 9201     	 lsl r2,r2,#6
 326 0020 1343     	 orr r3,r2
 327 0022 C364     	 str r3,[r0,#76]
 328 0024 8023     	 mov r3,#128
 329 0026 5B00     	 lsl r3,r3,#1
 330 0028 1943     	 orr r1,r3
 331 002a 0430     	 add r0,r0,#4
 332 002c C167     	 str r1,[r0,#124]
 333 002e 04E0     	 b .L48
 334              	.L49:
 335 0030 8023     	 mov r3,#128
 336 0032 5B00     	 lsl r3,r3,#1
 337 0034 1943     	 orr r1,r3
 338 0036 8033     	 add r3,r3,#128
 339 0038 C150     	 str r1,[r0,r3]
 340              	.L48:
 341              	 
 342 003a 7047     	 bx lr
 344              	 .section .text.XMC_I2C_CH_MasterReceiveAck,"ax",%progbits
 345              	 .align 1
 346              	 .global XMC_I2C_CH_MasterReceiveAck
 347              	 .code 16
 348              	 .thumb_func
 350              	XMC_I2C_CH_MasterReceiveAck:
 351 0000 031C     	 mov r3,r0
 352 0002 FC33     	 add r3,r3,#252
 353 0004 DA68     	 ldr r2,[r3,#12]
 354 0006 E023     	 mov r3,#224
 355 0008 DB04     	 lsl r3,r3,#19
 356 000a 1A42     	 tst r2,r3
 357 000c 0FD1     	 bne .L54
 358              	.L55:
 359 000e 7F22     	 mov r2,#127
 360 0010 836B     	 ldr r3,[r0,#56]
 361 0012 9343     	 bic r3,r2
 362 0014 DBB2     	 uxtb r3,r3
 363 0016 802B     	 cmp r3,#128
 364 0018 F9D0     	 beq .L55
 365 001a 8022     	 mov r2,#128
 366 001c C36C     	 ldr r3,[r0,#76]
 367 001e 9201     	 lsl r2,r2,#6
 368 0020 1343     	 orr r3,r2
 369 0022 C364     	 str r3,[r0,#76]
 370 0024 8023     	 mov r3,#128
 371 0026 0430     	 add r0,r0,#4
 372 0028 9B00     	 lsl r3,r3,#2
 373 002a C367     	 str r3,[r0,#124]
 374 002c 04E0     	 b .L53
 375              	.L54:
 376 002e 8022     	 mov r2,#128
 377 0030 C023     	 mov r3,#192
 378 0032 9200     	 lsl r2,r2,#2
 379 0034 5B00     	 lsl r3,r3,#1
 380 0036 C250     	 str r2,[r0,r3]
 381              	.L53:
 382              	 
 383 0038 7047     	 bx lr
 385              	 .section .text.XMC_I2C_CH_MasterReceiveNack,"ax",%progbits
 386              	 .align 1
 387              	 .global XMC_I2C_CH_MasterReceiveNack
 388              	 .code 16
 389              	 .thumb_func
 391              	XMC_I2C_CH_MasterReceiveNack:
 392 0000 031C     	 mov r3,r0
 393 0002 FC33     	 add r3,r3,#252
 394 0004 DA68     	 ldr r2,[r3,#12]
 395 0006 E023     	 mov r3,#224
 396 0008 DB04     	 lsl r3,r3,#19
 397 000a 1A42     	 tst r2,r3
 398 000c 0FD1     	 bne .L59
 399              	.L60:
 400 000e 7F22     	 mov r2,#127
 401 0010 836B     	 ldr r3,[r0,#56]
 402 0012 9343     	 bic r3,r2
 403 0014 DBB2     	 uxtb r3,r3
 404 0016 802B     	 cmp r3,#128
 405 0018 F9D0     	 beq .L60
 406 001a 8022     	 mov r2,#128
 407 001c C36C     	 ldr r3,[r0,#76]
 408 001e 9201     	 lsl r2,r2,#6
 409 0020 1343     	 orr r3,r2
 410 0022 C364     	 str r3,[r0,#76]
 411 0024 C023     	 mov r3,#192
 412 0026 0430     	 add r0,r0,#4
 413 0028 9B00     	 lsl r3,r3,#2
 414 002a C367     	 str r3,[r0,#124]
 415 002c 04E0     	 b .L58
 416              	.L59:
 417 002e C022     	 mov r2,#192
 418 0030 C023     	 mov r3,#192
 419 0032 9200     	 lsl r2,r2,#2
 420 0034 5B00     	 lsl r3,r3,#1
 421 0036 C250     	 str r2,[r0,r3]
 422              	.L58:
 423              	 
 424 0038 7047     	 bx lr
 426              	 .section .text.XMC_I2C_CH_GetReceivedData,"ax",%progbits
 427              	 .align 1
 428              	 .global XMC_I2C_CH_GetReceivedData
 429              	 .code 16
 430              	 .thumb_func
 432              	XMC_I2C_CH_GetReceivedData:
 433 0000 031C     	 mov r3,r0
 434 0002 E022     	 mov r2,#224
 435 0004 FC33     	 add r3,r3,#252
 436 0006 1969     	 ldr r1,[r3,#16]
 437 0008 D204     	 lsl r2,r2,#19
 438 000a 1142     	 tst r1,r2
 439 000c 01D1     	 bne .L64
 440 000e 406D     	 ldr r0,[r0,#84]
 441 0010 00E0     	 b .L66
 442              	.L64:
 443 0012 186A     	 ldr r0,[r3,#32]
 444              	.L66:
 445 0014 C0B2     	 uxtb r0,r0
 446              	 
 447 0016 7047     	 bx lr
 449              	 .section .text.XMC_I2C_CH_Stop,"ax",%progbits
 450              	 .align 1
 451              	 .global XMC_I2C_CH_Stop
 452              	 .code 16
 453              	 .thumb_func
 455              	XMC_I2C_CH_Stop:
 456 0000 826B     	 ldr r2,[r0,#56]
 457 0002 031C     	 mov r3,r0
 458 0004 0220     	 mov r0,#2
 459 0006 1206     	 lsl r2,r2,#24
 460 0008 04D4     	 bmi .L68
 461 000a 0F21     	 mov r1,#15
 462 000c 0020     	 mov r0,#0
 463 000e 1A6C     	 ldr r2,[r3,#64]
 464 0010 8A43     	 bic r2,r1
 465 0012 1A64     	 str r2,[r3,#64]
 466              	.L68:
 467              	 
 468 0014 7047     	 bx lr
 470              	 .section .text.XMC_I2C_CH_EnableEvent,"ax",%progbits
 471              	 .align 1
 472              	 .global XMC_I2C_CH_EnableEvent
 473              	 .code 16
 474              	 .thumb_func
 476              	XMC_I2C_CH_EnableEvent:
 477 0000 0029     	 cmp r1,#0
 478 0002 05DA     	 bge .L71
 479 0004 036C     	 ldr r3,[r0,#64]
 480 0006 4900     	 lsl r1,r1,#1
 481 0008 4908     	 lsr r1,r1,#1
 482 000a 1943     	 orr r1,r3
 483 000c 0164     	 str r1,[r0,#64]
 484 000e 02E0     	 b .L70
 485              	.L71:
 486 0010 C36B     	 ldr r3,[r0,#60]
 487 0012 1943     	 orr r1,r3
 488 0014 C163     	 str r1,[r0,#60]
 489              	.L70:
 490              	 
 491 0016 7047     	 bx lr
 493              	 .section .text.XMC_I2C_CH_DisableEvent,"ax",%progbits
 494              	 .align 1
 495              	 .global XMC_I2C_CH_DisableEvent
 496              	 .code 16
 497              	 .thumb_func
 499              	XMC_I2C_CH_DisableEvent:
 500 0000 0029     	 cmp r1,#0
 501 0002 05DA     	 bge .L74
 502 0004 036C     	 ldr r3,[r0,#64]
 503 0006 4900     	 lsl r1,r1,#1
 504 0008 4908     	 lsr r1,r1,#1
 505 000a 8B43     	 bic r3,r1
 506 000c 0364     	 str r3,[r0,#64]
 507 000e 02E0     	 b .L73
 508              	.L74:
 509 0010 C36B     	 ldr r3,[r0,#60]
 510 0012 8B43     	 bic r3,r1
 511 0014 C363     	 str r3,[r0,#60]
 512              	.L73:
 513              	 
 514 0016 7047     	 bx lr
 516              	 .ident "GCC: (GNU Tools for ARM Embedded Processors) 4.9.3 20141119 (release) [ARM/embedded-4_9-branch revision 218278]"
DEFINED SYMBOLS
                            *ABS*:00000000 xmc_i2c.c
    {standard input}:15     .text.XMC_I2C_CH_SetSlaveAddress:00000000 $t
    {standard input}:20     .text.XMC_I2C_CH_SetSlaveAddress:00000000 XMC_I2C_CH_SetSlaveAddress
    {standard input}:31     .text.XMC_I2C_CH_GetSlaveAddress:00000000 $t
    {standard input}:36     .text.XMC_I2C_CH_GetSlaveAddress:00000000 XMC_I2C_CH_GetSlaveAddress
    {standard input}:54     .text.XMC_I2C_CH_SetBaudrate:00000000 $t
    {standard input}:59     .text.XMC_I2C_CH_SetBaudrate:00000000 XMC_I2C_CH_SetBaudrate
    {standard input}:87     .text.XMC_I2C_CH_SetBaudrate:0000002c $d
    {standard input}:91     .text.XMC_I2C_CH_Init:00000000 $t
    {standard input}:96     .text.XMC_I2C_CH_Init:00000000 XMC_I2C_CH_Init
    {standard input}:122    .text.XMC_I2C_CH_Init:00000030 $d
    {standard input}:125    .text.XMC_I2C_CH_MasterStart:00000000 $t
    {standard input}:130    .text.XMC_I2C_CH_MasterStart:00000000 XMC_I2C_CH_MasterStart
    {standard input}:172    .text.XMC_I2C_CH_MasterStart:00000040 $d
    {standard input}:175    .text.XMC_I2C_CH_MasterRepeatedStart:00000000 $t
    {standard input}:180    .text.XMC_I2C_CH_MasterRepeatedStart:00000000 XMC_I2C_CH_MasterRepeatedStart
    {standard input}:222    .text.XMC_I2C_CH_MasterRepeatedStart:00000040 $d
    {standard input}:225    .text.XMC_I2C_CH_MasterStop:00000000 $t
    {standard input}:230    .text.XMC_I2C_CH_MasterStop:00000000 XMC_I2C_CH_MasterStop
    {standard input}:266    .text.XMC_I2C_CH_MasterTransmit:00000000 $t
    {standard input}:271    .text.XMC_I2C_CH_MasterTransmit:00000000 XMC_I2C_CH_MasterTransmit
    {standard input}:303    .text.XMC_I2C_CH_SlaveTransmit:00000000 $t
    {standard input}:308    .text.XMC_I2C_CH_SlaveTransmit:00000000 XMC_I2C_CH_SlaveTransmit
    {standard input}:345    .text.XMC_I2C_CH_MasterReceiveAck:00000000 $t
    {standard input}:350    .text.XMC_I2C_CH_MasterReceiveAck:00000000 XMC_I2C_CH_MasterReceiveAck
    {standard input}:386    .text.XMC_I2C_CH_MasterReceiveNack:00000000 $t
    {standard input}:391    .text.XMC_I2C_CH_MasterReceiveNack:00000000 XMC_I2C_CH_MasterReceiveNack
    {standard input}:427    .text.XMC_I2C_CH_GetReceivedData:00000000 $t
    {standard input}:432    .text.XMC_I2C_CH_GetReceivedData:00000000 XMC_I2C_CH_GetReceivedData
    {standard input}:450    .text.XMC_I2C_CH_Stop:00000000 $t
    {standard input}:455    .text.XMC_I2C_CH_Stop:00000000 XMC_I2C_CH_Stop
    {standard input}:471    .text.XMC_I2C_CH_EnableEvent:00000000 $t
    {standard input}:476    .text.XMC_I2C_CH_EnableEvent:00000000 XMC_I2C_CH_EnableEvent
    {standard input}:494    .text.XMC_I2C_CH_DisableEvent:00000000 $t
    {standard input}:499    .text.XMC_I2C_CH_DisableEvent:00000000 XMC_I2C_CH_DisableEvent

UNDEFINED SYMBOLS
XMC_USIC_CH_SetBaudrate
XMC_USIC_CH_Enable
